ARM GAS  C:\Users\Jupiter\AppData\Local\Temp\cc2f35Tp.s 			page 1


   1              		.syntax unified
   2              		.cpu cortex-m0plus
   3              		.fpu softvfp
   4              		.eabi_attribute 20, 1
   5              		.eabi_attribute 21, 1
   6              		.eabi_attribute 23, 3
   7              		.eabi_attribute 24, 1
   8              		.eabi_attribute 25, 1
   9              		.eabi_attribute 26, 1
  10              		.eabi_attribute 30, 1
  11              		.eabi_attribute 34, 0
  12              		.eabi_attribute 18, 4
  13              		.thumb
  14              		.syntax unified
  15              		.file	"CapSense_Tuner.c"
  16              		.text
  17              	.Ltext0:
  18              		.cfi_sections	.debug_frame
  19              		.section	.text.CapSense_TuInitialize,"ax",%progbits
  20              		.align	2
  21              		.global	CapSense_TuInitialize
  22              		.code	16
  23              		.thumb_func
  24              		.type	CapSense_TuInitialize, %function
  25              	CapSense_TuInitialize:
  26              	.LFB1:
  27              		.file 1 "Generated_Source\\PSoC4\\CapSense_Tuner.c"
   1:Generated_Source\PSoC4/CapSense_Tuner.c **** /***************************************************************************//**
   2:Generated_Source\PSoC4/CapSense_Tuner.c **** * \file CapSense_Tuner.c
   3:Generated_Source\PSoC4/CapSense_Tuner.c **** * \version 7.0
   4:Generated_Source\PSoC4/CapSense_Tuner.c **** *
   5:Generated_Source\PSoC4/CapSense_Tuner.c **** * \brief
   6:Generated_Source\PSoC4/CapSense_Tuner.c **** *   This file provides the source code for the Tuner module API of the Component.
   7:Generated_Source\PSoC4/CapSense_Tuner.c **** *
   8:Generated_Source\PSoC4/CapSense_Tuner.c **** * \see CapSense v7.0 Datasheet
   9:Generated_Source\PSoC4/CapSense_Tuner.c **** *
  10:Generated_Source\PSoC4/CapSense_Tuner.c **** *//*****************************************************************************
  11:Generated_Source\PSoC4/CapSense_Tuner.c **** * Copyright (2016-2019), Cypress Semiconductor Corporation.
  12:Generated_Source\PSoC4/CapSense_Tuner.c **** ********************************************************************************
  13:Generated_Source\PSoC4/CapSense_Tuner.c **** * This software is owned by Cypress Semiconductor Corporation (Cypress) and is
  14:Generated_Source\PSoC4/CapSense_Tuner.c **** * protected by and subject to worldwide patent protection (United States and
  15:Generated_Source\PSoC4/CapSense_Tuner.c **** * foreign), United States copyright laws and international treaty provisions.
  16:Generated_Source\PSoC4/CapSense_Tuner.c **** * Cypress hereby grants to licensee a personal, non-exclusive, non-transferable
  17:Generated_Source\PSoC4/CapSense_Tuner.c **** * license to copy, use, modify, create derivative works of, and compile the
  18:Generated_Source\PSoC4/CapSense_Tuner.c **** * Cypress Source Code and derivative works for the sole purpose of creating
  19:Generated_Source\PSoC4/CapSense_Tuner.c **** * custom software in support of licensee product to be used only in conjunction
  20:Generated_Source\PSoC4/CapSense_Tuner.c **** * with a Cypress integrated circuit as specified in the applicable agreement.
  21:Generated_Source\PSoC4/CapSense_Tuner.c **** * Any reproduction, modification, translation, compilation, or representation of
  22:Generated_Source\PSoC4/CapSense_Tuner.c **** * this software except as specified above is prohibited without the express
  23:Generated_Source\PSoC4/CapSense_Tuner.c **** * written permission of Cypress.
  24:Generated_Source\PSoC4/CapSense_Tuner.c **** *
  25:Generated_Source\PSoC4/CapSense_Tuner.c **** * Disclaimer: CYPRESS MAKES NO WARRANTY OF ANY KIND, EXPRESS OR IMPLIED, WITH
  26:Generated_Source\PSoC4/CapSense_Tuner.c **** * REGARD TO THIS MATERIAL, INCLUDING, BUT NOT LIMITED TO, THE IMPLIED
  27:Generated_Source\PSoC4/CapSense_Tuner.c **** * WARRANTIES OF MERCHANTABILITY AND FITNESS FOR A PARTICULAR PURPOSE.
  28:Generated_Source\PSoC4/CapSense_Tuner.c **** * Cypress reserves the right to make changes without further notice to the
  29:Generated_Source\PSoC4/CapSense_Tuner.c **** * materials described herein. Cypress does not assume any liability arising out
  30:Generated_Source\PSoC4/CapSense_Tuner.c **** * of the application or use of any product or circuit described herein. Cypress
ARM GAS  C:\Users\Jupiter\AppData\Local\Temp\cc2f35Tp.s 			page 2


  31:Generated_Source\PSoC4/CapSense_Tuner.c **** * does not authorize its products for use as critical components in life-support
  32:Generated_Source\PSoC4/CapSense_Tuner.c **** * systems where a malfunction or failure may reasonably be expected to result in
  33:Generated_Source\PSoC4/CapSense_Tuner.c **** * significant injury to the user. The inclusion of Cypress' product in a life-
  34:Generated_Source\PSoC4/CapSense_Tuner.c **** * support systems application implies that the manufacturer assumes all risk of
  35:Generated_Source\PSoC4/CapSense_Tuner.c **** * such use and in doing so indemnifies Cypress against all charges. Use may be
  36:Generated_Source\PSoC4/CapSense_Tuner.c **** * limited by and subject to the applicable Cypress software license agreement.
  37:Generated_Source\PSoC4/CapSense_Tuner.c **** *******************************************************************************/
  38:Generated_Source\PSoC4/CapSense_Tuner.c **** 
  39:Generated_Source\PSoC4/CapSense_Tuner.c **** #include "cytypes.h"
  40:Generated_Source\PSoC4/CapSense_Tuner.c **** #include "CyLib.h"
  41:Generated_Source\PSoC4/CapSense_Tuner.c **** #include "CapSense_Structure.h"
  42:Generated_Source\PSoC4/CapSense_Tuner.c **** #include "CapSense_Tuner.h"
  43:Generated_Source\PSoC4/CapSense_Tuner.c **** #include "CapSense_Control.h"
  44:Generated_Source\PSoC4/CapSense_Tuner.c **** #include "CapSense_Configuration.h"
  45:Generated_Source\PSoC4/CapSense_Tuner.c **** 
  46:Generated_Source\PSoC4/CapSense_Tuner.c **** /* Tuner states definition */
  47:Generated_Source\PSoC4/CapSense_Tuner.c **** #define TU_FSM_RUNNING      (0u)
  48:Generated_Source\PSoC4/CapSense_Tuner.c **** #define TU_FSM_SUSPENDED    (1u)
  49:Generated_Source\PSoC4/CapSense_Tuner.c **** #define TU_FSM_SNR_TEST     (2u)
  50:Generated_Source\PSoC4/CapSense_Tuner.c **** #define TU_FSM_ONE_SCAN     (3u)
  51:Generated_Source\PSoC4/CapSense_Tuner.c **** 
  52:Generated_Source\PSoC4/CapSense_Tuner.c **** /* Tuner state variable */
  53:Generated_Source\PSoC4/CapSense_Tuner.c **** static uint32 tunerFsm = TU_FSM_RUNNING;
  54:Generated_Source\PSoC4/CapSense_Tuner.c **** 
  55:Generated_Source\PSoC4/CapSense_Tuner.c **** 
  56:Generated_Source\PSoC4/CapSense_Tuner.c **** /*******************************************************************************
  57:Generated_Source\PSoC4/CapSense_Tuner.c **** * Function Name: CapSense_TuInitialize
  58:Generated_Source\PSoC4/CapSense_Tuner.c **** ****************************************************************************//**
  59:Generated_Source\PSoC4/CapSense_Tuner.c **** *
  60:Generated_Source\PSoC4/CapSense_Tuner.c **** * \brief
  61:Generated_Source\PSoC4/CapSense_Tuner.c **** *   This function initializes the communication interface with the Tuner GUI.
  62:Generated_Source\PSoC4/CapSense_Tuner.c **** *
  63:Generated_Source\PSoC4/CapSense_Tuner.c **** * \details
  64:Generated_Source\PSoC4/CapSense_Tuner.c **** *   This API sets the tuner state machine to the default state. It is called by
  65:Generated_Source\PSoC4/CapSense_Tuner.c **** *   the CapSense_Start() API.
  66:Generated_Source\PSoC4/CapSense_Tuner.c **** *
  67:Generated_Source\PSoC4/CapSense_Tuner.c **** *******************************************************************************/
  68:Generated_Source\PSoC4/CapSense_Tuner.c **** void CapSense_TuInitialize(void)
  69:Generated_Source\PSoC4/CapSense_Tuner.c **** {
  28              		.loc 1 69 0
  29              		.cfi_startproc
  30              		@ args = 0, pretend = 0, frame = 0
  31              		@ frame_needed = 0, uses_anonymous_args = 0
  32              		@ link register save eliminated.
  33              	.LVL0:
  70:Generated_Source\PSoC4/CapSense_Tuner.c ****     volatile CapSense_RAM_STRUCT *ptrDsRam = &CapSense_dsRam;
  71:Generated_Source\PSoC4/CapSense_Tuner.c **** 
  72:Generated_Source\PSoC4/CapSense_Tuner.c ****     ptrDsRam->tunerCmd = (uint16)CapSense_TU_CMD_NONE_E;
  34              		.loc 1 72 0
  35 0000 0023     		movs	r3, #0
  36 0002 024A     		ldr	r2, .L2
  37 0004 D380     		strh	r3, [r2, #6]
  73:Generated_Source\PSoC4/CapSense_Tuner.c ****     tunerFsm = TU_FSM_RUNNING;
  38              		.loc 1 73 0
  39 0006 024A     		ldr	r2, .L2+4
  40 0008 1360     		str	r3, [r2]
  74:Generated_Source\PSoC4/CapSense_Tuner.c **** }
ARM GAS  C:\Users\Jupiter\AppData\Local\Temp\cc2f35Tp.s 			page 3


  41              		.loc 1 74 0
  42              		@ sp needed
  43 000a 7047     		bx	lr
  44              	.L3:
  45              		.align	2
  46              	.L2:
  47 000c 00000000 		.word	CapSense_dsRam
  48 0010 00000000 		.word	.LANCHOR0
  49              		.cfi_endproc
  50              	.LFE1:
  51              		.size	CapSense_TuInitialize, .-CapSense_TuInitialize
  52              		.section	.text.CapSense_RunTuner,"ax",%progbits
  53              		.align	2
  54              		.global	CapSense_RunTuner
  55              		.code	16
  56              		.thumb_func
  57              		.type	CapSense_RunTuner, %function
  58              	CapSense_RunTuner:
  59              	.LFB2:
  75:Generated_Source\PSoC4/CapSense_Tuner.c **** 
  76:Generated_Source\PSoC4/CapSense_Tuner.c **** /*******************************************************************************
  77:Generated_Source\PSoC4/CapSense_Tuner.c **** * Function Name: CapSense_RunTuner
  78:Generated_Source\PSoC4/CapSense_Tuner.c **** ****************************************************************************//**
  79:Generated_Source\PSoC4/CapSense_Tuner.c **** *
  80:Generated_Source\PSoC4/CapSense_Tuner.c **** * \brief
  81:Generated_Source\PSoC4/CapSense_Tuner.c **** *  Establishes synchronized communication with the Tuner application.
  82:Generated_Source\PSoC4/CapSense_Tuner.c **** *
  83:Generated_Source\PSoC4/CapSense_Tuner.c **** * \details
  84:Generated_Source\PSoC4/CapSense_Tuner.c **** *  This function is used to establish synchronized communication between the
  85:Generated_Source\PSoC4/CapSense_Tuner.c **** *  CapSense Component and Tuner application (or other host controllers).
  86:Generated_Source\PSoC4/CapSense_Tuner.c **** *  This function is called periodically in the application program loop
  87:Generated_Source\PSoC4/CapSense_Tuner.c **** *  to serve the Tuner application (or host controller) requests and commands.
  88:Generated_Source\PSoC4/CapSense_Tuner.c **** *  In most cases, the best place to call this function is after processing and
  89:Generated_Source\PSoC4/CapSense_Tuner.c **** *  before next scanning.
  90:Generated_Source\PSoC4/CapSense_Tuner.c **** *
  91:Generated_Source\PSoC4/CapSense_Tuner.c **** *  If this function is absent in the application program, then communication is
  92:Generated_Source\PSoC4/CapSense_Tuner.c **** *  asynchronous and the following disadvantages are applicable:
  93:Generated_Source\PSoC4/CapSense_Tuner.c **** *    - The raw counts displayed in the tuner may be filtered and/or unfiltered.
  94:Generated_Source\PSoC4/CapSense_Tuner.c **** *      As a result, noise and SNR measurements will not be accurate.
  95:Generated_Source\PSoC4/CapSense_Tuner.c **** *    - The Tuner tool may read the sensor data such as raw counts from a scan
  96:Generated_Source\PSoC4/CapSense_Tuner.c **** *      multiple times, as a result, noise and SNR measurement will not be
  97:Generated_Source\PSoC4/CapSense_Tuner.c **** *      accurate.
  98:Generated_Source\PSoC4/CapSense_Tuner.c **** *    - The Tuner tool and host controller should not change the Component parameters
  99:Generated_Source\PSoC4/CapSense_Tuner.c **** *      via the tuner interface. Changing the Component parameters via the tuner
 100:Generated_Source\PSoC4/CapSense_Tuner.c **** *      interface in the async mode will result in Component abnormal behavior.
 101:Generated_Source\PSoC4/CapSense_Tuner.c **** *
 102:Generated_Source\PSoC4/CapSense_Tuner.c **** *  Note that calling this function is not mandatory for the application, but
 103:Generated_Source\PSoC4/CapSense_Tuner.c **** *  required only to synchronize the communication with the host controller or
 104:Generated_Source\PSoC4/CapSense_Tuner.c **** *  tuner application.
 105:Generated_Source\PSoC4/CapSense_Tuner.c **** *
 106:Generated_Source\PSoC4/CapSense_Tuner.c **** * \return
 107:Generated_Source\PSoC4/CapSense_Tuner.c **** *  In some cases, the application program may need to know if the Component was
 108:Generated_Source\PSoC4/CapSense_Tuner.c **** *  re-initialized. The return indicates if a restart command was executed or not:
 109:Generated_Source\PSoC4/CapSense_Tuner.c **** *    - CapSense_STATUS_RESTART_DONE - Based on a received command, the
 110:Generated_Source\PSoC4/CapSense_Tuner.c **** *      Component was restarted.
 111:Generated_Source\PSoC4/CapSense_Tuner.c **** *    -  CapSense_STATUS_RESTART_NONE - No restart was executed by this
 112:Generated_Source\PSoC4/CapSense_Tuner.c **** *      function.
ARM GAS  C:\Users\Jupiter\AppData\Local\Temp\cc2f35Tp.s 			page 4


 113:Generated_Source\PSoC4/CapSense_Tuner.c **** *
 114:Generated_Source\PSoC4/CapSense_Tuner.c **** *******************************************************************************/
 115:Generated_Source\PSoC4/CapSense_Tuner.c **** uint32 CapSense_RunTuner(void)
 116:Generated_Source\PSoC4/CapSense_Tuner.c **** {
  60              		.loc 1 116 0
  61              		.cfi_startproc
  62              		@ args = 0, pretend = 0, frame = 0
  63              		@ frame_needed = 0, uses_anonymous_args = 0
  64 0000 70B5     		push	{r4, r5, r6, lr}
  65              		.cfi_def_cfa_offset 16
  66              		.cfi_offset 4, -16
  67              		.cfi_offset 5, -12
  68              		.cfi_offset 6, -8
  69              		.cfi_offset 14, -4
  70              	.LVL1:
 117:Generated_Source\PSoC4/CapSense_Tuner.c ****     uint8 interruptState;
 118:Generated_Source\PSoC4/CapSense_Tuner.c ****     uint32 widgetId;
 119:Generated_Source\PSoC4/CapSense_Tuner.c ****     uint32 sensorId;
 120:Generated_Source\PSoC4/CapSense_Tuner.c ****     uint32 updateFlag = 0Lu;
 121:Generated_Source\PSoC4/CapSense_Tuner.c ****     CapSense_TU_CMD_ENUM command;
 122:Generated_Source\PSoC4/CapSense_Tuner.c ****     uint32 tunerStatus = CapSense_STATUS_RESTART_NONE;
  71              		.loc 1 122 0
  72 0002 0025     		movs	r5, #0
 120:Generated_Source\PSoC4/CapSense_Tuner.c ****     CapSense_TU_CMD_ENUM command;
  73              		.loc 1 120 0
  74 0004 0026     		movs	r6, #0
  75              	.LVL2:
  76              	.L16:
 123:Generated_Source\PSoC4/CapSense_Tuner.c **** 
 124:Generated_Source\PSoC4/CapSense_Tuner.c ****     volatile CapSense_RAM_STRUCT *ptrDsRam;
 125:Generated_Source\PSoC4/CapSense_Tuner.c ****     volatile CapSense_RAM_SNS_STRUCT *ptrSnsTmp;
 126:Generated_Source\PSoC4/CapSense_Tuner.c **** 
 127:Generated_Source\PSoC4/CapSense_Tuner.c ****     ptrDsRam = &CapSense_dsRam;
 128:Generated_Source\PSoC4/CapSense_Tuner.c **** 
 129:Generated_Source\PSoC4/CapSense_Tuner.c ****     do
 130:Generated_Source\PSoC4/CapSense_Tuner.c ****     {
 131:Generated_Source\PSoC4/CapSense_Tuner.c ****         /* ONE_SCAN command could be interpreted as two commands:
 132:Generated_Source\PSoC4/CapSense_Tuner.c ****         * RESUME till next call of this function and then
 133:Generated_Source\PSoC4/CapSense_Tuner.c ****         * SUSPEND till next command receiving.
 134:Generated_Source\PSoC4/CapSense_Tuner.c ****         */
 135:Generated_Source\PSoC4/CapSense_Tuner.c ****         if (TU_FSM_ONE_SCAN == tunerFsm)
  77              		.loc 1 135 0
  78 0006 3D4B     		ldr	r3, .L18
  79 0008 1B68     		ldr	r3, [r3]
  80 000a 032B     		cmp	r3, #3
  81 000c 06D1     		bne	.L5
 136:Generated_Source\PSoC4/CapSense_Tuner.c ****         {
 137:Generated_Source\PSoC4/CapSense_Tuner.c ****             interruptState = CyEnterCriticalSection();
  82              		.loc 1 137 0
  83 000e FFF7FEFF 		bl	CyEnterCriticalSection
  84              	.LVL3:
 138:Generated_Source\PSoC4/CapSense_Tuner.c ****             ptrDsRam->tunerCmd = (uint16)CapSense_TU_CMD_SUSPEND_E;
  85              		.loc 1 138 0
  86 0012 0122     		movs	r2, #1
  87 0014 3A4B     		ldr	r3, .L18+4
  88 0016 DA80     		strh	r2, [r3, #6]
 139:Generated_Source\PSoC4/CapSense_Tuner.c ****             CyExitCriticalSection(interruptState);
ARM GAS  C:\Users\Jupiter\AppData\Local\Temp\cc2f35Tp.s 			page 5


  89              		.loc 1 139 0
  90 0018 FFF7FEFF 		bl	CyExitCriticalSection
  91              	.LVL4:
  92              	.L5:
 140:Generated_Source\PSoC4/CapSense_Tuner.c ****         }
 141:Generated_Source\PSoC4/CapSense_Tuner.c ****         command = (CapSense_TU_CMD_ENUM)ptrDsRam->tunerCmd;
  93              		.loc 1 141 0
  94 001c 384B     		ldr	r3, .L18+4
  95 001e DC88     		ldrh	r4, [r3, #6]
  96 0020 E4B2     		uxtb	r4, r4
  97              	.LVL5:
 142:Generated_Source\PSoC4/CapSense_Tuner.c **** 
 143:Generated_Source\PSoC4/CapSense_Tuner.c ****         /* Check command register */
 144:Generated_Source\PSoC4/CapSense_Tuner.c ****         switch (command)
  98              		.loc 1 144 0
  99 0022 062C     		cmp	r4, #6
 100 0024 23D8     		bhi	.L6
 101 0026 A300     		lsls	r3, r4, #2
 102 0028 364A     		ldr	r2, .L18+8
 103 002a D358     		ldr	r3, [r2, r3]
 104 002c 9F46     		mov	pc, r3
 105              		.section	.rodata
 106              		.align	2
 107              	.L8:
 108 0000 6E000000 		.word	.L6
 109 0004 2E000000 		.word	.L7
 110 0008 38000000 		.word	.L9
 111 000c 42000000 		.word	.L10
 112 0010 52000000 		.word	.L11
 113 0014 5C000000 		.word	.L12
 114 0018 66000000 		.word	.L13
 115              		.section	.text.CapSense_RunTuner
 116              	.L7:
 145:Generated_Source\PSoC4/CapSense_Tuner.c ****         {
 146:Generated_Source\PSoC4/CapSense_Tuner.c ****         case CapSense_TU_CMD_SUSPEND_E:
 147:Generated_Source\PSoC4/CapSense_Tuner.c ****             tunerFsm = TU_FSM_SUSPENDED;
 117              		.loc 1 147 0
 118 002e 0122     		movs	r2, #1
 119 0030 324B     		ldr	r3, .L18
 120 0032 1A60     		str	r2, [r3]
 121              	.LVL6:
 148:Generated_Source\PSoC4/CapSense_Tuner.c ****             updateFlag = 1Lu;
 122              		.loc 1 148 0
 123 0034 0126     		movs	r6, #1
 149:Generated_Source\PSoC4/CapSense_Tuner.c ****             break;
 124              		.loc 1 149 0
 125 0036 1AE0     		b	.L6
 126              	.LVL7:
 127              	.L9:
 150:Generated_Source\PSoC4/CapSense_Tuner.c **** 
 151:Generated_Source\PSoC4/CapSense_Tuner.c ****         case CapSense_TU_CMD_RESUME_E:
 152:Generated_Source\PSoC4/CapSense_Tuner.c ****             tunerFsm = TU_FSM_RUNNING;
 128              		.loc 1 152 0
 129 0038 0022     		movs	r2, #0
 130 003a 304B     		ldr	r3, .L18
 131 003c 1A60     		str	r2, [r3]
 132              	.LVL8:
ARM GAS  C:\Users\Jupiter\AppData\Local\Temp\cc2f35Tp.s 			page 6


 153:Generated_Source\PSoC4/CapSense_Tuner.c ****             updateFlag = 1Lu;
 133              		.loc 1 153 0
 134 003e 0126     		movs	r6, #1
 154:Generated_Source\PSoC4/CapSense_Tuner.c ****             break;
 135              		.loc 1 154 0
 136 0040 15E0     		b	.L6
 137              	.LVL9:
 138              	.L10:
 155:Generated_Source\PSoC4/CapSense_Tuner.c **** 
 156:Generated_Source\PSoC4/CapSense_Tuner.c ****         case CapSense_TU_CMD_RESTART_E:
 157:Generated_Source\PSoC4/CapSense_Tuner.c ****             (void)CapSense_Start();
 139              		.loc 1 157 0
 140 0042 FFF7FEFF 		bl	CapSense_Start
 141              	.LVL10:
 158:Generated_Source\PSoC4/CapSense_Tuner.c ****             tunerStatus = CapSense_STATUS_RESTART_DONE;
 159:Generated_Source\PSoC4/CapSense_Tuner.c ****             tunerFsm = TU_FSM_RUNNING;
 142              		.loc 1 159 0
 143 0046 0022     		movs	r2, #0
 144 0048 2C4B     		ldr	r3, .L18
 145 004a 1A60     		str	r2, [r3]
 146              	.LVL11:
 158:Generated_Source\PSoC4/CapSense_Tuner.c ****             tunerStatus = CapSense_STATUS_RESTART_DONE;
 147              		.loc 1 158 0
 148 004c 0125     		movs	r5, #1
 160:Generated_Source\PSoC4/CapSense_Tuner.c ****             updateFlag = 1Lu;
 149              		.loc 1 160 0
 150 004e 0126     		movs	r6, #1
 161:Generated_Source\PSoC4/CapSense_Tuner.c ****             break;
 151              		.loc 1 161 0
 152 0050 0DE0     		b	.L6
 153              	.LVL12:
 154              	.L11:
 162:Generated_Source\PSoC4/CapSense_Tuner.c **** 
 163:Generated_Source\PSoC4/CapSense_Tuner.c ****         case CapSense_TU_CMD_RUN_SNR_TEST_E:
 164:Generated_Source\PSoC4/CapSense_Tuner.c ****             tunerFsm = TU_FSM_SNR_TEST;
 155              		.loc 1 164 0
 156 0052 0222     		movs	r2, #2
 157 0054 294B     		ldr	r3, .L18
 158 0056 1A60     		str	r2, [r3]
 159              	.LVL13:
 165:Generated_Source\PSoC4/CapSense_Tuner.c ****             updateFlag = 1Lu;
 160              		.loc 1 165 0
 161 0058 0126     		movs	r6, #1
 166:Generated_Source\PSoC4/CapSense_Tuner.c ****             break;
 162              		.loc 1 166 0
 163 005a 08E0     		b	.L6
 164              	.LVL14:
 165              	.L12:
 167:Generated_Source\PSoC4/CapSense_Tuner.c **** 
 168:Generated_Source\PSoC4/CapSense_Tuner.c ****         case CapSense_TU_CMD_PING_E:
 169:Generated_Source\PSoC4/CapSense_Tuner.c ****             tunerFsm = TU_FSM_RUNNING;
 166              		.loc 1 169 0
 167 005c 0022     		movs	r2, #0
 168 005e 274B     		ldr	r3, .L18
 169 0060 1A60     		str	r2, [r3]
 170              	.LVL15:
 170:Generated_Source\PSoC4/CapSense_Tuner.c ****             updateFlag = 1Lu;
ARM GAS  C:\Users\Jupiter\AppData\Local\Temp\cc2f35Tp.s 			page 7


 171              		.loc 1 170 0
 172 0062 0126     		movs	r6, #1
 171:Generated_Source\PSoC4/CapSense_Tuner.c ****             break;
 173              		.loc 1 171 0
 174 0064 03E0     		b	.L6
 175              	.LVL16:
 176              	.L13:
 172:Generated_Source\PSoC4/CapSense_Tuner.c **** 
 173:Generated_Source\PSoC4/CapSense_Tuner.c ****         case CapSense_TU_CMD_ONE_SCAN_E:
 174:Generated_Source\PSoC4/CapSense_Tuner.c ****             tunerFsm = TU_FSM_ONE_SCAN;
 177              		.loc 1 174 0
 178 0066 0322     		movs	r2, #3
 179 0068 244B     		ldr	r3, .L18
 180 006a 1A60     		str	r2, [r3]
 181              	.LVL17:
 175:Generated_Source\PSoC4/CapSense_Tuner.c ****             updateFlag = 0Lu;
 182              		.loc 1 175 0
 183 006c 0026     		movs	r6, #0
 184              	.LVL18:
 185              	.L6:
 176:Generated_Source\PSoC4/CapSense_Tuner.c ****             break;
 177:Generated_Source\PSoC4/CapSense_Tuner.c **** 
 178:Generated_Source\PSoC4/CapSense_Tuner.c ****         default:
 179:Generated_Source\PSoC4/CapSense_Tuner.c ****             break;
 180:Generated_Source\PSoC4/CapSense_Tuner.c ****         }
 181:Generated_Source\PSoC4/CapSense_Tuner.c **** 
 182:Generated_Source\PSoC4/CapSense_Tuner.c ****         /* Set Complete flag in command register if needed */
 183:Generated_Source\PSoC4/CapSense_Tuner.c ****         if (0Lu != updateFlag)
 186              		.loc 1 183 0
 187 006e 002E     		cmp	r6, #0
 188 0070 0FD0     		beq	.L14
 184:Generated_Source\PSoC4/CapSense_Tuner.c ****         {
 185:Generated_Source\PSoC4/CapSense_Tuner.c ****             interruptState = CyEnterCriticalSection();
 189              		.loc 1 185 0
 190 0072 FFF7FEFF 		bl	CyEnterCriticalSection
 191              	.LVL19:
 186:Generated_Source\PSoC4/CapSense_Tuner.c **** 
 187:Generated_Source\PSoC4/CapSense_Tuner.c ****             /* Check if command wasn't overwritten with new command */
 188:Generated_Source\PSoC4/CapSense_Tuner.c ****             if (command == (CapSense_TU_CMD_ENUM)ptrDsRam->tunerCmd)
 192              		.loc 1 188 0
 193 0076 224B     		ldr	r3, .L18+4
 194 0078 DB88     		ldrh	r3, [r3, #6]
 195 007a DBB2     		uxtb	r3, r3
 196 007c 9C42     		cmp	r4, r3
 197 007e 05D1     		bne	.L15
 189:Generated_Source\PSoC4/CapSense_Tuner.c ****             {
 190:Generated_Source\PSoC4/CapSense_Tuner.c ****                 ptrDsRam->tunerCmd |= CapSense_TU_CMD_COMPLETE_BIT;
 198              		.loc 1 190 0
 199 0080 1F4A     		ldr	r2, .L18+4
 200 0082 D188     		ldrh	r1, [r2, #6]
 201 0084 204B     		ldr	r3, .L18+12
 202 0086 0B43     		orrs	r3, r1
 203 0088 9BB2     		uxth	r3, r3
 204 008a D380     		strh	r3, [r2, #6]
 205              	.L15:
 191:Generated_Source\PSoC4/CapSense_Tuner.c ****             }
 192:Generated_Source\PSoC4/CapSense_Tuner.c ****             CyExitCriticalSection(interruptState);
ARM GAS  C:\Users\Jupiter\AppData\Local\Temp\cc2f35Tp.s 			page 8


 206              		.loc 1 192 0
 207 008c FFF7FEFF 		bl	CyExitCriticalSection
 208              	.LVL20:
 193:Generated_Source\PSoC4/CapSense_Tuner.c **** 
 194:Generated_Source\PSoC4/CapSense_Tuner.c ****             updateFlag = 0Lu;
 209              		.loc 1 194 0
 210 0090 0026     		movs	r6, #0
 211              	.LVL21:
 212              	.L14:
 195:Generated_Source\PSoC4/CapSense_Tuner.c ****         }
 196:Generated_Source\PSoC4/CapSense_Tuner.c ****     } while (TU_FSM_SUSPENDED == tunerFsm);
 213              		.loc 1 196 0
 214 0092 1A4B     		ldr	r3, .L18
 215 0094 1B68     		ldr	r3, [r3]
 216 0096 012B     		cmp	r3, #1
 217 0098 B5D0     		beq	.L16
 197:Generated_Source\PSoC4/CapSense_Tuner.c **** 
 198:Generated_Source\PSoC4/CapSense_Tuner.c ****     /* Check for SNR Test mode and do appropriate actions */
 199:Generated_Source\PSoC4/CapSense_Tuner.c ****     if (TU_FSM_SNR_TEST == tunerFsm)
 218              		.loc 1 199 0
 219 009a 022B     		cmp	r3, #2
 220 009c 2BD1     		bne	.L17
 200:Generated_Source\PSoC4/CapSense_Tuner.c ****     {
 201:Generated_Source\PSoC4/CapSense_Tuner.c ****         widgetId = ptrDsRam->snrTestWidgetId;
 221              		.loc 1 201 0
 222 009e 184A     		ldr	r2, .L18+4
 223 00a0 5833     		adds	r3, r3, #88
 224 00a2 D35C     		ldrb	r3, [r2, r3]
 225 00a4 DBB2     		uxtb	r3, r3
 226              	.LVL22:
 202:Generated_Source\PSoC4/CapSense_Tuner.c ****         sensorId = ptrDsRam->snrTestSensorId;
 227              		.loc 1 202 0
 228 00a6 5B21     		movs	r1, #91
 229 00a8 525C     		ldrb	r2, [r2, r1]
 230 00aa D1B2     		uxtb	r1, r2
 231              	.LVL23:
 203:Generated_Source\PSoC4/CapSense_Tuner.c **** 
 204:Generated_Source\PSoC4/CapSense_Tuner.c ****         /* Check if widgetId and sensorId are in range,
 205:Generated_Source\PSoC4/CapSense_Tuner.c ****          * and data was updated in RAM (scan counter changed)
 206:Generated_Source\PSoC4/CapSense_Tuner.c ****          */
 207:Generated_Source\PSoC4/CapSense_Tuner.c ****         if ((widgetId < CapSense_TOTAL_WIDGETS)              &&
 232              		.loc 1 207 0
 233 00ac 012B     		cmp	r3, #1
 234 00ae 22D8     		bhi	.L17
 208:Generated_Source\PSoC4/CapSense_Tuner.c ****             (sensorId < CapSense_GET_SENSOR_COUNT(widgetId)) &&
 235              		.loc 1 208 0 discriminator 1
 236 00b0 5A01     		lsls	r2, r3, #5
 237 00b2 1648     		ldr	r0, .L18+16
 238 00b4 8218     		adds	r2, r0, r2
 239 00b6 128B     		ldrh	r2, [r2, #24]
 207:Generated_Source\PSoC4/CapSense_Tuner.c ****             (sensorId < CapSense_GET_SENSOR_COUNT(widgetId)) &&
 240              		.loc 1 207 0 discriminator 1
 241 00b8 9142     		cmp	r1, r2
 242 00ba 1CD2     		bcs	.L17
 209:Generated_Source\PSoC4/CapSense_Tuner.c ****             (ptrDsRam->scanCounter != ptrDsRam->snrTestScanCounter))
 243              		.loc 1 209 0
 244 00bc 104A     		ldr	r2, .L18+4
ARM GAS  C:\Users\Jupiter\AppData\Local\Temp\cc2f35Tp.s 			page 9


 245 00be 1089     		ldrh	r0, [r2, #8]
 246 00c0 80B2     		uxth	r0, r0
 247 00c2 5C24     		movs	r4, #92
 248              	.LVL24:
 249 00c4 125B     		ldrh	r2, [r2, r4]
 250 00c6 92B2     		uxth	r2, r2
 208:Generated_Source\PSoC4/CapSense_Tuner.c ****             (sensorId < CapSense_GET_SENSOR_COUNT(widgetId)) &&
 251              		.loc 1 208 0
 252 00c8 9042     		cmp	r0, r2
 253 00ca 14D0     		beq	.L17
 210:Generated_Source\PSoC4/CapSense_Tuner.c ****         {
 211:Generated_Source\PSoC4/CapSense_Tuner.c ****             /* Get access to the Sensor Object */
 212:Generated_Source\PSoC4/CapSense_Tuner.c ****             ptrSnsTmp = CapSense_dsFlash.wdgtArray[widgetId].ptr2SnsRam;
 254              		.loc 1 212 0
 255 00cc 5B01     		lsls	r3, r3, #5
 256              	.LVL25:
 257 00ce 0F4A     		ldr	r2, .L18+16
 258 00d0 D318     		adds	r3, r2, r3
 259 00d2 9C68     		ldr	r4, [r3, #8]
 260              	.LVL26:
 213:Generated_Source\PSoC4/CapSense_Tuner.c ****             ptrSnsTmp += sensorId;
 261              		.loc 1 213 0
 262 00d4 8A00     		lsls	r2, r1, #2
 263 00d6 5218     		adds	r2, r2, r1
 264 00d8 5300     		lsls	r3, r2, #1
 265 00da E418     		adds	r4, r4, r3
 266              	.LVL27:
 214:Generated_Source\PSoC4/CapSense_Tuner.c **** 
 215:Generated_Source\PSoC4/CapSense_Tuner.c ****             /* Update data in SNR Test Object */
 216:Generated_Source\PSoC4/CapSense_Tuner.c ****             interruptState = CyEnterCriticalSection();
 267              		.loc 1 216 0
 268 00dc FFF7FEFF 		bl	CyEnterCriticalSection
 269              	.LVL28:
 217:Generated_Source\PSoC4/CapSense_Tuner.c ****             ptrDsRam->snrTestScanCounter = ptrDsRam->scanCounter;
 270              		.loc 1 217 0
 271 00e0 074B     		ldr	r3, .L18+4
 272 00e2 1A89     		ldrh	r2, [r3, #8]
 273 00e4 92B2     		uxth	r2, r2
 274 00e6 5C21     		movs	r1, #92
 275 00e8 5A52     		strh	r2, [r3, r1]
 218:Generated_Source\PSoC4/CapSense_Tuner.c ****             ptrDsRam->snrTestRawCount[0u] = ptrSnsTmp->raw[0u];
 276              		.loc 1 218 0
 277 00ea 2288     		ldrh	r2, [r4]
 278 00ec 92B2     		uxth	r2, r2
 279 00ee 0231     		adds	r1, r1, #2
 280 00f0 5A52     		strh	r2, [r3, r1]
 219:Generated_Source\PSoC4/CapSense_Tuner.c **** 
 220:Generated_Source\PSoC4/CapSense_Tuner.c ****             #if (0u != CapSense_MULTI_FREQ_SCAN_EN)
 221:Generated_Source\PSoC4/CapSense_Tuner.c ****                 ptrDsRam->snrTestRawCount[1u] = ptrSnsTmp->raw[1u];
 222:Generated_Source\PSoC4/CapSense_Tuner.c ****                 ptrDsRam->snrTestRawCount[2u] = ptrSnsTmp->raw[2u];
 223:Generated_Source\PSoC4/CapSense_Tuner.c ****             #endif
 224:Generated_Source\PSoC4/CapSense_Tuner.c **** 
 225:Generated_Source\PSoC4/CapSense_Tuner.c ****             CyExitCriticalSection(interruptState);
 281              		.loc 1 225 0
 282 00f2 FFF7FEFF 		bl	CyExitCriticalSection
 283              	.LVL29:
 284              	.L17:
ARM GAS  C:\Users\Jupiter\AppData\Local\Temp\cc2f35Tp.s 			page 10


 226:Generated_Source\PSoC4/CapSense_Tuner.c ****         }
 227:Generated_Source\PSoC4/CapSense_Tuner.c ****     }
 228:Generated_Source\PSoC4/CapSense_Tuner.c ****     return tunerStatus;
 229:Generated_Source\PSoC4/CapSense_Tuner.c **** }
 285              		.loc 1 229 0
 286 00f6 2800     		movs	r0, r5
 287              		@ sp needed
 288              	.LVL30:
 289              	.LVL31:
 290 00f8 70BD     		pop	{r4, r5, r6, pc}
 291              	.L19:
 292 00fa C046     		.align	2
 293              	.L18:
 294 00fc 00000000 		.word	.LANCHOR0
 295 0100 00000000 		.word	CapSense_dsRam
 296 0104 00000000 		.word	.L8
 297 0108 0080FFFF 		.word	-32768
 298 010c 00000000 		.word	CapSense_dsFlash
 299              		.cfi_endproc
 300              	.LFE2:
 301              		.size	CapSense_RunTuner, .-CapSense_RunTuner
 302              		.bss
 303              		.align	2
 304              		.set	.LANCHOR0,. + 0
 305              		.type	tunerFsm, %object
 306              		.size	tunerFsm, 4
 307              	tunerFsm:
 308 0000 00000000 		.space	4
 309              		.text
 310              	.Letext0:
 311              		.file 2 "Generated_Source\\PSoC4\\cytypes.h"
 312              		.file 3 "Generated_Source\\PSoC4\\CapSense_Configuration.h"
 313              		.file 4 "Generated_Source\\PSoC4\\CapSense_SmartSense_LL.h"
 314              		.file 5 "Generated_Source\\PSoC4\\CapSense_Structure.h"
 315              		.file 6 "Generated_Source\\PSoC4\\CapSense_Tuner.h"
 316              		.file 7 "Generated_Source\\PSoC4\\CyLib.h"
 317              		.file 8 "Generated_Source\\PSoC4\\CapSense_Control.h"
 318              		.section	.debug_info,"",%progbits
 319              	.Ldebug_info0:
 320 0000 9E060000 		.4byte	0x69e
 321 0004 0400     		.2byte	0x4
 322 0006 00000000 		.4byte	.Ldebug_abbrev0
 323 000a 04       		.byte	0x4
 324 000b 01       		.uleb128 0x1
 325 000c 55010000 		.4byte	.LASF106
 326 0010 0C       		.byte	0xc
 327 0011 F7020000 		.4byte	.LASF107
 328 0015 4B050000 		.4byte	.LASF108
 329 0019 00000000 		.4byte	.Ldebug_ranges0+0
 330 001d 00000000 		.4byte	0
 331 0021 00000000 		.4byte	.Ldebug_line0
 332 0025 02       		.uleb128 0x2
 333 0026 01       		.byte	0x1
 334 0027 06       		.byte	0x6
 335 0028 D2030000 		.4byte	.LASF0
 336 002c 02       		.uleb128 0x2
 337 002d 01       		.byte	0x1
ARM GAS  C:\Users\Jupiter\AppData\Local\Temp\cc2f35Tp.s 			page 11


 338 002e 08       		.byte	0x8
 339 002f AC030000 		.4byte	.LASF1
 340 0033 02       		.uleb128 0x2
 341 0034 02       		.byte	0x2
 342 0035 05       		.byte	0x5
 343 0036 DD000000 		.4byte	.LASF2
 344 003a 02       		.uleb128 0x2
 345 003b 02       		.byte	0x2
 346 003c 07       		.byte	0x7
 347 003d DA040000 		.4byte	.LASF3
 348 0041 02       		.uleb128 0x2
 349 0042 04       		.byte	0x4
 350 0043 05       		.byte	0x5
 351 0044 E5020000 		.4byte	.LASF4
 352 0048 02       		.uleb128 0x2
 353 0049 04       		.byte	0x4
 354 004a 07       		.byte	0x7
 355 004b 3B040000 		.4byte	.LASF5
 356 004f 02       		.uleb128 0x2
 357 0050 08       		.byte	0x8
 358 0051 05       		.byte	0x5
 359 0052 FB010000 		.4byte	.LASF6
 360 0056 02       		.uleb128 0x2
 361 0057 08       		.byte	0x8
 362 0058 07       		.byte	0x7
 363 0059 FB030000 		.4byte	.LASF7
 364 005d 03       		.uleb128 0x3
 365 005e 04       		.byte	0x4
 366 005f 05       		.byte	0x5
 367 0060 696E7400 		.ascii	"int\000"
 368 0064 02       		.uleb128 0x2
 369 0065 04       		.byte	0x4
 370 0066 07       		.byte	0x7
 371 0067 2E040000 		.4byte	.LASF8
 372 006b 04       		.uleb128 0x4
 373 006c 8A020000 		.4byte	.LASF9
 374 0070 02       		.byte	0x2
 375 0071 FC01     		.2byte	0x1fc
 376 0073 2C000000 		.4byte	0x2c
 377 0077 04       		.uleb128 0x4
 378 0078 61020000 		.4byte	.LASF10
 379 007c 02       		.byte	0x2
 380 007d FD01     		.2byte	0x1fd
 381 007f 3A000000 		.4byte	0x3a
 382 0083 04       		.uleb128 0x4
 383 0084 B1050000 		.4byte	.LASF11
 384 0088 02       		.byte	0x2
 385 0089 FE01     		.2byte	0x1fe
 386 008b 48000000 		.4byte	0x48
 387 008f 02       		.uleb128 0x2
 388 0090 04       		.byte	0x4
 389 0091 04       		.byte	0x4
 390 0092 97020000 		.4byte	.LASF12
 391 0096 02       		.uleb128 0x2
 392 0097 08       		.byte	0x8
 393 0098 04       		.byte	0x4
 394 0099 5C060000 		.4byte	.LASF13
ARM GAS  C:\Users\Jupiter\AppData\Local\Temp\cc2f35Tp.s 			page 12


 395 009d 02       		.uleb128 0x2
 396 009e 01       		.byte	0x1
 397 009f 08       		.byte	0x8
 398 00a0 E0020000 		.4byte	.LASF14
 399 00a4 05       		.uleb128 0x5
 400 00a5 83000000 		.4byte	0x83
 401 00a9 02       		.uleb128 0x2
 402 00aa 08       		.byte	0x8
 403 00ab 04       		.byte	0x4
 404 00ac 74030000 		.4byte	.LASF15
 405 00b0 02       		.uleb128 0x2
 406 00b1 04       		.byte	0x4
 407 00b2 07       		.byte	0x7
 408 00b3 10010000 		.4byte	.LASF16
 409 00b7 06       		.uleb128 0x6
 410 00b8 04       		.byte	0x4
 411 00b9 04       		.uleb128 0x4
 412 00ba BA030000 		.4byte	.LASF17
 413 00be 03       		.byte	0x3
 414 00bf 2201     		.2byte	0x122
 415 00c1 77000000 		.4byte	0x77
 416 00c5 04       		.uleb128 0x4
 417 00c6 91040000 		.4byte	.LASF18
 418 00ca 03       		.byte	0x3
 419 00cb 2601     		.2byte	0x126
 420 00cd 6B000000 		.4byte	0x6b
 421 00d1 07       		.uleb128 0x7
 422 00d2 0C       		.byte	0xc
 423 00d3 04       		.byte	0x4
 424 00d4 75       		.byte	0x75
 425 00d5 2E010000 		.4byte	0x12e
 426 00d9 08       		.uleb128 0x8
 427 00da 09020000 		.4byte	.LASF19
 428 00de 04       		.byte	0x4
 429 00df 7A       		.byte	0x7a
 430 00e0 77000000 		.4byte	0x77
 431 00e4 00       		.byte	0
 432 00e5 08       		.uleb128 0x8
 433 00e6 58040000 		.4byte	.LASF20
 434 00ea 04       		.byte	0x4
 435 00eb 7E       		.byte	0x7e
 436 00ec 77000000 		.4byte	0x77
 437 00f0 02       		.byte	0x2
 438 00f1 08       		.uleb128 0x8
 439 00f2 1D020000 		.4byte	.LASF21
 440 00f6 04       		.byte	0x4
 441 00f7 82       		.byte	0x82
 442 00f8 77000000 		.4byte	0x77
 443 00fc 04       		.byte	0x4
 444 00fd 08       		.uleb128 0x8
 445 00fe 24020000 		.4byte	.LASF22
 446 0102 04       		.byte	0x4
 447 0103 86       		.byte	0x86
 448 0104 77000000 		.4byte	0x77
 449 0108 06       		.byte	0x6
 450 0109 08       		.uleb128 0x8
 451 010a 64030000 		.4byte	.LASF23
ARM GAS  C:\Users\Jupiter\AppData\Local\Temp\cc2f35Tp.s 			page 13


 452 010e 04       		.byte	0x4
 453 010f 8A       		.byte	0x8a
 454 0110 77000000 		.4byte	0x77
 455 0114 08       		.byte	0x8
 456 0115 08       		.uleb128 0x8
 457 0116 42020000 		.4byte	.LASF24
 458 011a 04       		.byte	0x4
 459 011b 8E       		.byte	0x8e
 460 011c 6B000000 		.4byte	0x6b
 461 0120 0A       		.byte	0xa
 462 0121 08       		.uleb128 0x8
 463 0122 49020000 		.4byte	.LASF25
 464 0126 04       		.byte	0x4
 465 0127 92       		.byte	0x92
 466 0128 6B000000 		.4byte	0x6b
 467 012c 0B       		.byte	0xb
 468 012d 00       		.byte	0
 469 012e 09       		.uleb128 0x9
 470 012f 73060000 		.4byte	.LASF26
 471 0133 04       		.byte	0x4
 472 0134 93       		.byte	0x93
 473 0135 D1000000 		.4byte	0xd1
 474 0139 0A       		.uleb128 0xa
 475 013a 6B000000 		.4byte	0x6b
 476 013e 49010000 		.4byte	0x149
 477 0142 0B       		.uleb128 0xb
 478 0143 B0000000 		.4byte	0xb0
 479 0147 00       		.byte	0
 480 0148 00       		.byte	0
 481 0149 07       		.uleb128 0x7
 482 014a 14       		.byte	0x14
 483 014b 05       		.byte	0x5
 484 014c FE       		.byte	0xfe
 485 014d FB010000 		.4byte	0x1fb
 486 0151 0C       		.uleb128 0xc
 487 0152 CF040000 		.4byte	.LASF27
 488 0156 05       		.byte	0x5
 489 0157 0301     		.2byte	0x103
 490 0159 77000000 		.4byte	0x77
 491 015d 00       		.byte	0
 492 015e 0C       		.uleb128 0xc
 493 015f 1F030000 		.4byte	.LASF28
 494 0163 05       		.byte	0x5
 495 0164 0801     		.2byte	0x108
 496 0166 B9000000 		.4byte	0xb9
 497 016a 02       		.byte	0x2
 498 016b 0C       		.uleb128 0xc
 499 016c 50020000 		.4byte	.LASF29
 500 0170 05       		.byte	0x5
 501 0171 0D01     		.2byte	0x10d
 502 0173 6B000000 		.4byte	0x6b
 503 0177 04       		.byte	0x4
 504 0178 0C       		.uleb128 0xc
 505 0179 18050000 		.4byte	.LASF30
 506 017d 05       		.byte	0x5
 507 017e 1201     		.2byte	0x112
 508 0180 6B000000 		.4byte	0x6b
ARM GAS  C:\Users\Jupiter\AppData\Local\Temp\cc2f35Tp.s 			page 14


 509 0184 05       		.byte	0x5
 510 0185 0C       		.uleb128 0xc
 511 0186 59030000 		.4byte	.LASF31
 512 018a 05       		.byte	0x5
 513 018b 1801     		.2byte	0x118
 514 018d 6B000000 		.4byte	0x6b
 515 0191 06       		.byte	0x6
 516 0192 0C       		.uleb128 0xc
 517 0193 05010000 		.4byte	.LASF32
 518 0197 05       		.byte	0x5
 519 0198 1E01     		.2byte	0x11e
 520 019a 6B000000 		.4byte	0x6b
 521 019e 07       		.byte	0x7
 522 019f 0C       		.uleb128 0xc
 523 01a0 8D000000 		.4byte	.LASF33
 524 01a4 05       		.byte	0x5
 525 01a5 2501     		.2byte	0x125
 526 01a7 C5000000 		.4byte	0xc5
 527 01ab 08       		.byte	0x8
 528 01ac 0C       		.uleb128 0xc
 529 01ad D5000000 		.4byte	.LASF34
 530 01b1 05       		.byte	0x5
 531 01b2 2C01     		.2byte	0x12c
 532 01b4 39010000 		.4byte	0x139
 533 01b8 09       		.byte	0x9
 534 01b9 0C       		.uleb128 0xc
 535 01ba 6A000000 		.4byte	.LASF35
 536 01be 05       		.byte	0x5
 537 01bf 3101     		.2byte	0x131
 538 01c1 6B000000 		.4byte	0x6b
 539 01c5 0A       		.byte	0xa
 540 01c6 0C       		.uleb128 0xc
 541 01c7 90020000 		.4byte	.LASF36
 542 01cb 05       		.byte	0x5
 543 01cc 3901     		.2byte	0x139
 544 01ce 77000000 		.4byte	0x77
 545 01d2 0C       		.byte	0xc
 546 01d3 0C       		.uleb128 0xc
 547 01d4 10020000 		.4byte	.LASF37
 548 01d8 05       		.byte	0x5
 549 01d9 3E01     		.2byte	0x13e
 550 01db 6B000000 		.4byte	0x6b
 551 01df 0E       		.byte	0xe
 552 01e0 0C       		.uleb128 0xc
 553 01e1 41060000 		.4byte	.LASF38
 554 01e5 05       		.byte	0x5
 555 01e6 4401     		.2byte	0x144
 556 01e8 77000000 		.4byte	0x77
 557 01ec 10       		.byte	0x10
 558 01ed 0C       		.uleb128 0xc
 559 01ee 44050000 		.4byte	.LASF39
 560 01f2 05       		.byte	0x5
 561 01f3 4901     		.2byte	0x149
 562 01f5 77000000 		.4byte	0x77
 563 01f9 12       		.byte	0x12
 564 01fa 00       		.byte	0
 565 01fb 04       		.uleb128 0x4
ARM GAS  C:\Users\Jupiter\AppData\Local\Temp\cc2f35Tp.s 			page 15


 566 01fc E7000000 		.4byte	.LASF40
 567 0200 05       		.byte	0x5
 568 0201 4A01     		.2byte	0x14a
 569 0203 49010000 		.4byte	0x149
 570 0207 0D       		.uleb128 0xd
 571 0208 28       		.byte	0x28
 572 0209 05       		.byte	0x5
 573 020a 5001     		.2byte	0x150
 574 020c 2B020000 		.4byte	0x22b
 575 0210 0C       		.uleb128 0xc
 576 0211 62000000 		.4byte	.LASF41
 577 0215 05       		.byte	0x5
 578 0216 5501     		.2byte	0x155
 579 0218 FB010000 		.4byte	0x1fb
 580 021c 00       		.byte	0
 581 021d 0C       		.uleb128 0xc
 582 021e 1F060000 		.4byte	.LASF42
 583 0222 05       		.byte	0x5
 584 0223 5A01     		.2byte	0x15a
 585 0225 FB010000 		.4byte	0x1fb
 586 0229 14       		.byte	0x14
 587 022a 00       		.byte	0
 588 022b 04       		.uleb128 0x4
 589 022c 9D020000 		.4byte	.LASF43
 590 0230 05       		.byte	0x5
 591 0231 5B01     		.2byte	0x15b
 592 0233 07020000 		.4byte	0x207
 593 0237 0D       		.uleb128 0xd
 594 0238 0A       		.byte	0xa
 595 0239 05       		.byte	0x5
 596 023a 6101     		.2byte	0x161
 597 023c 8F020000 		.4byte	0x28f
 598 0240 0E       		.uleb128 0xe
 599 0241 72617700 		.ascii	"raw\000"
 600 0245 05       		.byte	0x5
 601 0246 6601     		.2byte	0x166
 602 0248 8F020000 		.4byte	0x28f
 603 024c 00       		.byte	0
 604 024d 0C       		.uleb128 0xc
 605 024e 54000000 		.4byte	.LASF44
 606 0252 05       		.byte	0x5
 607 0253 6B01     		.2byte	0x16b
 608 0255 8F020000 		.4byte	0x28f
 609 0259 02       		.byte	0x2
 610 025a 0C       		.uleb128 0xc
 611 025b B8050000 		.4byte	.LASF45
 612 025f 05       		.byte	0x5
 613 0260 7101     		.2byte	0x171
 614 0262 39010000 		.4byte	0x139
 615 0266 04       		.byte	0x4
 616 0267 0C       		.uleb128 0xc
 617 0268 B6060000 		.4byte	.LASF46
 618 026c 05       		.byte	0x5
 619 026d 7601     		.2byte	0x176
 620 026f B9000000 		.4byte	0xb9
 621 0273 06       		.byte	0x6
 622 0274 0C       		.uleb128 0xc
ARM GAS  C:\Users\Jupiter\AppData\Local\Temp\cc2f35Tp.s 			page 16


 623 0275 28030000 		.4byte	.LASF47
 624 0279 05       		.byte	0x5
 625 027a 7B01     		.2byte	0x17b
 626 027c 9F020000 		.4byte	0x29f
 627 0280 08       		.byte	0x8
 628 0281 0C       		.uleb128 0xc
 629 0282 E7010000 		.4byte	.LASF48
 630 0286 05       		.byte	0x5
 631 0287 8001     		.2byte	0x180
 632 0289 39010000 		.4byte	0x139
 633 028d 09       		.byte	0x9
 634 028e 00       		.byte	0
 635 028f 0A       		.uleb128 0xa
 636 0290 77000000 		.4byte	0x77
 637 0294 9F020000 		.4byte	0x29f
 638 0298 0B       		.uleb128 0xb
 639 0299 B0000000 		.4byte	0xb0
 640 029d 00       		.byte	0
 641 029e 00       		.byte	0
 642 029f 0A       		.uleb128 0xa
 643 02a0 C5000000 		.4byte	0xc5
 644 02a4 AF020000 		.4byte	0x2af
 645 02a8 0B       		.uleb128 0xb
 646 02a9 B0000000 		.4byte	0xb0
 647 02ad 00       		.byte	0
 648 02ae 00       		.byte	0
 649 02af 04       		.uleb128 0x4
 650 02b0 79040000 		.4byte	.LASF49
 651 02b4 05       		.byte	0x5
 652 02b5 8101     		.2byte	0x181
 653 02b7 37020000 		.4byte	0x237
 654 02bb 0D       		.uleb128 0xd
 655 02bc 14       		.byte	0x14
 656 02bd 05       		.byte	0x5
 657 02be 8701     		.2byte	0x187
 658 02c0 DF020000 		.4byte	0x2df
 659 02c4 0C       		.uleb128 0xc
 660 02c5 62000000 		.4byte	.LASF41
 661 02c9 05       		.byte	0x5
 662 02ca 8C01     		.2byte	0x18c
 663 02cc DF020000 		.4byte	0x2df
 664 02d0 00       		.byte	0
 665 02d1 0C       		.uleb128 0xc
 666 02d2 1F060000 		.4byte	.LASF42
 667 02d6 05       		.byte	0x5
 668 02d7 9101     		.2byte	0x191
 669 02d9 DF020000 		.4byte	0x2df
 670 02dd 0A       		.byte	0xa
 671 02de 00       		.byte	0
 672 02df 0A       		.uleb128 0xa
 673 02e0 AF020000 		.4byte	0x2af
 674 02e4 EF020000 		.4byte	0x2ef
 675 02e8 0B       		.uleb128 0xb
 676 02e9 B0000000 		.4byte	0xb0
 677 02ed 00       		.byte	0
 678 02ee 00       		.byte	0
 679 02ef 04       		.uleb128 0x4
ARM GAS  C:\Users\Jupiter\AppData\Local\Temp\cc2f35Tp.s 			page 17


 680 02f0 DE030000 		.4byte	.LASF50
 681 02f4 05       		.byte	0x5
 682 02f5 9201     		.2byte	0x192
 683 02f7 BB020000 		.4byte	0x2bb
 684 02fb 0D       		.uleb128 0xd
 685 02fc 64       		.byte	0x64
 686 02fd 05       		.byte	0x5
 687 02fe 9801     		.2byte	0x198
 688 0300 FC030000 		.4byte	0x3fc
 689 0304 0C       		.uleb128 0xc
 690 0305 4C010000 		.4byte	.LASF51
 691 0309 05       		.byte	0x5
 692 030a 9F01     		.2byte	0x19f
 693 030c 77000000 		.4byte	0x77
 694 0310 00       		.byte	0
 695 0311 0C       		.uleb128 0xc
 696 0312 58020000 		.4byte	.LASF52
 697 0316 05       		.byte	0x5
 698 0317 A401     		.2byte	0x1a4
 699 0319 77000000 		.4byte	0x77
 700 031d 02       		.byte	0x2
 701 031e 0C       		.uleb128 0xc
 702 031f E8050000 		.4byte	.LASF53
 703 0323 05       		.byte	0x5
 704 0324 A901     		.2byte	0x1a9
 705 0326 77000000 		.4byte	0x77
 706 032a 04       		.byte	0x4
 707 032b 0C       		.uleb128 0xc
 708 032c 6B030000 		.4byte	.LASF54
 709 0330 05       		.byte	0x5
 710 0331 AF01     		.2byte	0x1af
 711 0333 77000000 		.4byte	0x77
 712 0337 06       		.byte	0x6
 713 0338 0C       		.uleb128 0xc
 714 0339 0C050000 		.4byte	.LASF55
 715 033d 05       		.byte	0x5
 716 033e B401     		.2byte	0x1b4
 717 0340 77000000 		.4byte	0x77
 718 0344 08       		.byte	0x8
 719 0345 0C       		.uleb128 0xc
 720 0346 AC040000 		.4byte	.LASF56
 721 034a 05       		.byte	0x5
 722 034b B901     		.2byte	0x1b9
 723 034d A4000000 		.4byte	0xa4
 724 0351 0C       		.byte	0xc
 725 0352 0C       		.uleb128 0xc
 726 0353 4D040000 		.4byte	.LASF57
 727 0357 05       		.byte	0x5
 728 0358 BF01     		.2byte	0x1bf
 729 035a FC030000 		.4byte	0x3fc
 730 035e 10       		.byte	0x10
 731 035f 0C       		.uleb128 0xc
 732 0360 80030000 		.4byte	.LASF58
 733 0364 05       		.byte	0x5
 734 0365 C601     		.2byte	0x1c6
 735 0367 FC030000 		.4byte	0x3fc
 736 036b 14       		.byte	0x14
ARM GAS  C:\Users\Jupiter\AppData\Local\Temp\cc2f35Tp.s 			page 18


 737 036c 0C       		.uleb128 0xc
 738 036d A4060000 		.4byte	.LASF59
 739 0371 05       		.byte	0x5
 740 0372 D601     		.2byte	0x1d6
 741 0374 0C040000 		.4byte	0x40c
 742 0378 18       		.byte	0x18
 743 0379 0C       		.uleb128 0xc
 744 037a F0010000 		.4byte	.LASF60
 745 037e 05       		.byte	0x5
 746 037f DC01     		.2byte	0x1dc
 747 0381 77000000 		.4byte	0x77
 748 0385 1A       		.byte	0x1a
 749 0386 0C       		.uleb128 0xc
 750 0387 02050000 		.4byte	.LASF61
 751 038b 05       		.byte	0x5
 752 038c E101     		.2byte	0x1e1
 753 038e 6B000000 		.4byte	0x6b
 754 0392 1C       		.byte	0x1c
 755 0393 0C       		.uleb128 0xc
 756 0394 16000000 		.4byte	.LASF62
 757 0398 05       		.byte	0x5
 758 0399 E601     		.2byte	0x1e6
 759 039b 2B020000 		.4byte	0x22b
 760 039f 1E       		.byte	0x1e
 761 03a0 0C       		.uleb128 0xc
 762 03a1 ED040000 		.4byte	.LASF63
 763 03a5 05       		.byte	0x5
 764 03a6 EB01     		.2byte	0x1eb
 765 03a8 EF020000 		.4byte	0x2ef
 766 03ac 46       		.byte	0x46
 767 03ad 0C       		.uleb128 0xc
 768 03ae 63060000 		.4byte	.LASF64
 769 03b2 05       		.byte	0x5
 770 03b3 F001     		.2byte	0x1f0
 771 03b5 6B000000 		.4byte	0x6b
 772 03b9 5A       		.byte	0x5a
 773 03ba 0C       		.uleb128 0xc
 774 03bb B9020000 		.4byte	.LASF65
 775 03bf 05       		.byte	0x5
 776 03c0 F501     		.2byte	0x1f5
 777 03c2 6B000000 		.4byte	0x6b
 778 03c6 5B       		.byte	0x5b
 779 03c7 0C       		.uleb128 0xc
 780 03c8 BC040000 		.4byte	.LASF66
 781 03cc 05       		.byte	0x5
 782 03cd FA01     		.2byte	0x1fa
 783 03cf 77000000 		.4byte	0x77
 784 03d3 5C       		.byte	0x5c
 785 03d4 0C       		.uleb128 0xc
 786 03d5 1F000000 		.4byte	.LASF67
 787 03d9 05       		.byte	0x5
 788 03da FF01     		.2byte	0x1ff
 789 03dc 8F020000 		.4byte	0x28f
 790 03e0 5E       		.byte	0x5e
 791 03e1 0C       		.uleb128 0xc
 792 03e2 9D050000 		.4byte	.LASF68
 793 03e6 05       		.byte	0x5
ARM GAS  C:\Users\Jupiter\AppData\Local\Temp\cc2f35Tp.s 			page 19


 794 03e7 0402     		.2byte	0x204
 795 03e9 6B000000 		.4byte	0x6b
 796 03ed 60       		.byte	0x60
 797 03ee 0C       		.uleb128 0xc
 798 03ef 2F000000 		.4byte	.LASF69
 799 03f3 05       		.byte	0x5
 800 03f4 0902     		.2byte	0x209
 801 03f6 6B000000 		.4byte	0x6b
 802 03fa 61       		.byte	0x61
 803 03fb 00       		.byte	0
 804 03fc 0A       		.uleb128 0xa
 805 03fd 83000000 		.4byte	0x83
 806 0401 0C040000 		.4byte	0x40c
 807 0405 0B       		.uleb128 0xb
 808 0406 B0000000 		.4byte	0xb0
 809 040a 00       		.byte	0
 810 040b 00       		.byte	0
 811 040c 0A       		.uleb128 0xa
 812 040d 6B000000 		.4byte	0x6b
 813 0411 1C040000 		.4byte	0x41c
 814 0415 0B       		.uleb128 0xb
 815 0416 B0000000 		.4byte	0xb0
 816 041a 01       		.byte	0x1
 817 041b 00       		.byte	0
 818 041c 04       		.uleb128 0x4
 819 041d 30050000 		.4byte	.LASF70
 820 0421 05       		.byte	0x5
 821 0422 0A02     		.2byte	0x20a
 822 0424 FB020000 		.4byte	0x2fb
 823 0428 0D       		.uleb128 0xd
 824 0429 20       		.byte	0x20
 825 042a 05       		.byte	0x5
 826 042b 7102     		.2byte	0x271
 827 042d B4040000 		.4byte	0x4b4
 828 0431 0C       		.uleb128 0xc
 829 0432 F5040000 		.4byte	.LASF71
 830 0436 05       		.byte	0x5
 831 0437 7A02     		.2byte	0x27a
 832 0439 B4040000 		.4byte	0x4b4
 833 043d 00       		.byte	0
 834 043e 0C       		.uleb128 0xc
 835 043f 36030000 		.4byte	.LASF72
 836 0443 05       		.byte	0x5
 837 0444 8102     		.2byte	0x281
 838 0446 B7000000 		.4byte	0xb7
 839 044a 04       		.byte	0x4
 840 044b 0C       		.uleb128 0xc
 841 044c 14060000 		.4byte	.LASF73
 842 0450 05       		.byte	0x5
 843 0451 8702     		.2byte	0x287
 844 0453 BB040000 		.4byte	0x4bb
 845 0457 08       		.byte	0x8
 846 0458 0C       		.uleb128 0xc
 847 0459 27060000 		.4byte	.LASF74
 848 045d 05       		.byte	0x5
 849 045e 8D02     		.2byte	0x28d
 850 0460 B7000000 		.4byte	0xb7
ARM GAS  C:\Users\Jupiter\AppData\Local\Temp\cc2f35Tp.s 			page 20


 851 0464 0C       		.byte	0xc
 852 0465 0C       		.uleb128 0xc
 853 0466 7A020000 		.4byte	.LASF75
 854 046a 05       		.byte	0x5
 855 046b 9402     		.2byte	0x294
 856 046d C1040000 		.4byte	0x4c1
 857 0471 10       		.byte	0x10
 858 0472 0C       		.uleb128 0xc
 859 0473 12040000 		.4byte	.LASF76
 860 0477 05       		.byte	0x5
 861 0478 9902     		.2byte	0x299
 862 047a 83000000 		.4byte	0x83
 863 047e 14       		.byte	0x14
 864 047f 0C       		.uleb128 0xc
 865 0480 AE000000 		.4byte	.LASF77
 866 0484 05       		.byte	0x5
 867 0485 A002     		.2byte	0x2a0
 868 0487 77000000 		.4byte	0x77
 869 048b 18       		.byte	0x18
 870 048c 0C       		.uleb128 0xc
 871 048d EE020000 		.4byte	.LASF78
 872 0491 05       		.byte	0x5
 873 0492 A702     		.2byte	0x2a7
 874 0494 6B000000 		.4byte	0x6b
 875 0498 1A       		.byte	0x1a
 876 0499 0C       		.uleb128 0xc
 877 049a 51030000 		.4byte	.LASF79
 878 049e 05       		.byte	0x5
 879 049f B102     		.2byte	0x2b1
 880 04a1 6B000000 		.4byte	0x6b
 881 04a5 1B       		.byte	0x1b
 882 04a6 0C       		.uleb128 0xc
 883 04a7 BB060000 		.4byte	.LASF80
 884 04ab 05       		.byte	0x5
 885 04ac B902     		.2byte	0x2b9
 886 04ae C7040000 		.4byte	0x4c7
 887 04b2 1C       		.byte	0x1c
 888 04b3 00       		.byte	0
 889 04b4 0F       		.uleb128 0xf
 890 04b5 04       		.byte	0x4
 891 04b6 BA040000 		.4byte	0x4ba
 892 04ba 10       		.uleb128 0x10
 893 04bb 0F       		.uleb128 0xf
 894 04bc 04       		.byte	0x4
 895 04bd AF020000 		.4byte	0x2af
 896 04c1 0F       		.uleb128 0xf
 897 04c2 04       		.byte	0x4
 898 04c3 6B000000 		.4byte	0x6b
 899 04c7 0F       		.uleb128 0xf
 900 04c8 04       		.byte	0x4
 901 04c9 2E010000 		.4byte	0x12e
 902 04cd 04       		.uleb128 0x4
 903 04ce 33010000 		.4byte	.LASF81
 904 04d2 05       		.byte	0x5
 905 04d3 BA02     		.2byte	0x2ba
 906 04d5 28040000 		.4byte	0x428
 907 04d9 0D       		.uleb128 0xd
ARM GAS  C:\Users\Jupiter\AppData\Local\Temp\cc2f35Tp.s 			page 21


 908 04da 40       		.byte	0x40
 909 04db 05       		.byte	0x5
 910 04dc C002     		.2byte	0x2c0
 911 04de F0040000 		.4byte	0x4f0
 912 04e2 0C       		.uleb128 0xc
 913 04e3 37060000 		.4byte	.LASF82
 914 04e7 05       		.byte	0x5
 915 04e8 C502     		.2byte	0x2c5
 916 04ea F0040000 		.4byte	0x4f0
 917 04ee 00       		.byte	0
 918 04ef 00       		.byte	0
 919 04f0 0A       		.uleb128 0xa
 920 04f1 CD040000 		.4byte	0x4cd
 921 04f5 00050000 		.4byte	0x500
 922 04f9 0B       		.uleb128 0xb
 923 04fa B0000000 		.4byte	0xb0
 924 04fe 01       		.byte	0x1
 925 04ff 00       		.byte	0
 926 0500 04       		.uleb128 0x4
 927 0501 00000000 		.4byte	.LASF83
 928 0505 05       		.byte	0x5
 929 0506 C602     		.2byte	0x2c6
 930 0508 D9040000 		.4byte	0x4d9
 931 050c 11       		.uleb128 0x11
 932 050d 01       		.byte	0x1
 933 050e 2C000000 		.4byte	0x2c
 934 0512 06       		.byte	0x6
 935 0513 2E       		.byte	0x2e
 936 0514 43050000 		.4byte	0x543
 937 0518 12       		.uleb128 0x12
 938 0519 2B020000 		.4byte	.LASF84
 939 051d 00       		.byte	0
 940 051e 12       		.uleb128 0x12
 941 051f 5F040000 		.4byte	.LASF85
 942 0523 01       		.byte	0x1
 943 0524 12       		.uleb128 0x12
 944 0525 FB050000 		.4byte	.LASF86
 945 0529 02       		.byte	0x2
 946 052a 12       		.uleb128 0x12
 947 052b 19010000 		.4byte	.LASF87
 948 052f 03       		.byte	0x3
 949 0530 12       		.uleb128 0x12
 950 0531 C0050000 		.4byte	.LASF88
 951 0535 04       		.byte	0x4
 952 0536 12       		.uleb128 0x12
 953 0537 C9020000 		.4byte	.LASF89
 954 053b 05       		.byte	0x5
 955 053c 12       		.uleb128 0x12
 956 053d BA000000 		.4byte	.LASF90
 957 0541 06       		.byte	0x6
 958 0542 00       		.byte	0
 959 0543 09       		.uleb128 0x9
 960 0544 78000000 		.4byte	.LASF91
 961 0548 06       		.byte	0x6
 962 0549 36       		.byte	0x36
 963 054a 0C050000 		.4byte	0x50c
 964 054e 13       		.uleb128 0x13
ARM GAS  C:\Users\Jupiter\AppData\Local\Temp\cc2f35Tp.s 			page 22


 965 054f 3E000000 		.4byte	.LASF109
 966 0553 01       		.byte	0x1
 967 0554 44       		.byte	0x44
 968 0555 00000000 		.4byte	.LFB1
 969 0559 14000000 		.4byte	.LFE1-.LFB1
 970 055d 01       		.uleb128 0x1
 971 055e 9C       		.byte	0x9c
 972 055f 6F050000 		.4byte	0x56f
 973 0563 14       		.uleb128 0x14
 974 0564 DF050000 		.4byte	.LASF98
 975 0568 01       		.byte	0x1
 976 0569 46       		.byte	0x46
 977 056a 6F050000 		.4byte	0x56f
 978 056e 00       		.byte	0
 979 056f 0F       		.uleb128 0xf
 980 0570 04       		.byte	0x4
 981 0571 75050000 		.4byte	0x575
 982 0575 05       		.uleb128 0x5
 983 0576 1C040000 		.4byte	0x41c
 984 057a 15       		.uleb128 0x15
 985 057b 68020000 		.4byte	.LASF110
 986 057f 01       		.byte	0x1
 987 0580 73       		.byte	0x73
 988 0581 83000000 		.4byte	0x83
 989 0585 00000000 		.4byte	.LFB2
 990 0589 10010000 		.4byte	.LFE2-.LFB2
 991 058d 01       		.uleb128 0x1
 992 058e 9C       		.byte	0x9c
 993 058f 47060000 		.4byte	0x647
 994 0593 16       		.uleb128 0x16
 995 0594 21050000 		.4byte	.LASF92
 996 0598 01       		.byte	0x1
 997 0599 75       		.byte	0x75
 998 059a 6B000000 		.4byte	0x6b
 999 059e 00000000 		.4byte	.LLST0
 1000 05a2 16       		.uleb128 0x16
 1001 05a3 B3040000 		.4byte	.LASF93
 1002 05a7 01       		.byte	0x1
 1003 05a8 76       		.byte	0x76
 1004 05a9 83000000 		.4byte	0x83
 1005 05ad 29000000 		.4byte	.LLST1
 1006 05b1 16       		.uleb128 0x16
 1007 05b2 59000000 		.4byte	.LASF94
 1008 05b6 01       		.byte	0x1
 1009 05b7 77       		.byte	0x77
 1010 05b8 83000000 		.4byte	0x83
 1011 05bc 3C000000 		.4byte	.LLST2
 1012 05c0 16       		.uleb128 0x16
 1013 05c1 F0050000 		.4byte	.LASF95
 1014 05c5 01       		.byte	0x1
 1015 05c6 78       		.byte	0x78
 1016 05c7 83000000 		.4byte	0x83
 1017 05cb 4F000000 		.4byte	.LLST3
 1018 05cf 16       		.uleb128 0x16
 1019 05d0 AE060000 		.4byte	.LASF96
 1020 05d4 01       		.byte	0x1
 1021 05d5 79       		.byte	0x79
ARM GAS  C:\Users\Jupiter\AppData\Local\Temp\cc2f35Tp.s 			page 23


 1022 05d6 43050000 		.4byte	0x543
 1023 05da 0F010000 		.4byte	.LLST4
 1024 05de 16       		.uleb128 0x16
 1025 05df 98060000 		.4byte	.LASF97
 1026 05e3 01       		.byte	0x1
 1027 05e4 7A       		.byte	0x7a
 1028 05e5 83000000 		.4byte	0x83
 1029 05e9 22010000 		.4byte	.LLST5
 1030 05ed 14       		.uleb128 0x14
 1031 05ee DF050000 		.4byte	.LASF98
 1032 05f2 01       		.byte	0x1
 1033 05f3 7C       		.byte	0x7c
 1034 05f4 6F050000 		.4byte	0x56f
 1035 05f8 16       		.uleb128 0x16
 1036 05f9 8B030000 		.4byte	.LASF99
 1037 05fd 01       		.byte	0x1
 1038 05fe 7D       		.byte	0x7d
 1039 05ff 47060000 		.4byte	0x647
 1040 0603 63010000 		.4byte	.LLST6
 1041 0607 17       		.uleb128 0x17
 1042 0608 12000000 		.4byte	.LVL3
 1043 060c 80060000 		.4byte	0x680
 1044 0610 17       		.uleb128 0x17
 1045 0611 1C000000 		.4byte	.LVL4
 1046 0615 8B060000 		.4byte	0x68b
 1047 0619 17       		.uleb128 0x17
 1048 061a 46000000 		.4byte	.LVL10
 1049 061e 96060000 		.4byte	0x696
 1050 0622 17       		.uleb128 0x17
 1051 0623 76000000 		.4byte	.LVL19
 1052 0627 80060000 		.4byte	0x680
 1053 062b 17       		.uleb128 0x17
 1054 062c 90000000 		.4byte	.LVL20
 1055 0630 8B060000 		.4byte	0x68b
 1056 0634 17       		.uleb128 0x17
 1057 0635 E0000000 		.4byte	.LVL28
 1058 0639 80060000 		.4byte	0x680
 1059 063d 17       		.uleb128 0x17
 1060 063e F6000000 		.4byte	.LVL29
 1061 0642 8B060000 		.4byte	0x68b
 1062 0646 00       		.byte	0
 1063 0647 0F       		.uleb128 0xf
 1064 0648 04       		.byte	0x4
 1065 0649 4D060000 		.4byte	0x64d
 1066 064d 05       		.uleb128 0x5
 1067 064e AF020000 		.4byte	0x2af
 1068 0652 18       		.uleb128 0x18
 1069 0653 A8050000 		.4byte	.LASF100
 1070 0657 01       		.byte	0x1
 1071 0658 35       		.byte	0x35
 1072 0659 83000000 		.4byte	0x83
 1073 065d 05       		.uleb128 0x5
 1074 065e 03       		.byte	0x3
 1075 065f 00000000 		.4byte	tunerFsm
 1076 0663 19       		.uleb128 0x19
 1077 0664 42030000 		.4byte	.LASF101
 1078 0668 05       		.byte	0x5
ARM GAS  C:\Users\Jupiter\AppData\Local\Temp\cc2f35Tp.s 			page 24


 1079 0669 5A04     		.2byte	0x45a
 1080 066b 1C040000 		.4byte	0x41c
 1081 066f 19       		.uleb128 0x19
 1082 0670 4B060000 		.4byte	.LASF102
 1083 0674 05       		.byte	0x5
 1084 0675 5B04     		.2byte	0x45b
 1085 0677 7B060000 		.4byte	0x67b
 1086 067b 1A       		.uleb128 0x1a
 1087 067c 00050000 		.4byte	0x500
 1088 0680 1B       		.uleb128 0x1b
 1089 0681 95030000 		.4byte	.LASF103
 1090 0685 95030000 		.4byte	.LASF103
 1091 0689 07       		.byte	0x7
 1092 068a F8       		.byte	0xf8
 1093 068b 1B       		.uleb128 0x1b
 1094 068c 98000000 		.4byte	.LASF104
 1095 0690 98000000 		.4byte	.LASF104
 1096 0694 07       		.byte	0x7
 1097 0695 F9       		.byte	0xf9
 1098 0696 1B       		.uleb128 0x1b
 1099 0697 1F040000 		.4byte	.LASF105
 1100 069b 1F040000 		.4byte	.LASF105
 1101 069f 08       		.byte	0x8
 1102 06a0 3B       		.byte	0x3b
 1103 06a1 00       		.byte	0
 1104              		.section	.debug_abbrev,"",%progbits
 1105              	.Ldebug_abbrev0:
 1106 0000 01       		.uleb128 0x1
 1107 0001 11       		.uleb128 0x11
 1108 0002 01       		.byte	0x1
 1109 0003 25       		.uleb128 0x25
 1110 0004 0E       		.uleb128 0xe
 1111 0005 13       		.uleb128 0x13
 1112 0006 0B       		.uleb128 0xb
 1113 0007 03       		.uleb128 0x3
 1114 0008 0E       		.uleb128 0xe
 1115 0009 1B       		.uleb128 0x1b
 1116 000a 0E       		.uleb128 0xe
 1117 000b 55       		.uleb128 0x55
 1118 000c 17       		.uleb128 0x17
 1119 000d 11       		.uleb128 0x11
 1120 000e 01       		.uleb128 0x1
 1121 000f 10       		.uleb128 0x10
 1122 0010 17       		.uleb128 0x17
 1123 0011 00       		.byte	0
 1124 0012 00       		.byte	0
 1125 0013 02       		.uleb128 0x2
 1126 0014 24       		.uleb128 0x24
 1127 0015 00       		.byte	0
 1128 0016 0B       		.uleb128 0xb
 1129 0017 0B       		.uleb128 0xb
 1130 0018 3E       		.uleb128 0x3e
 1131 0019 0B       		.uleb128 0xb
 1132 001a 03       		.uleb128 0x3
 1133 001b 0E       		.uleb128 0xe
 1134 001c 00       		.byte	0
 1135 001d 00       		.byte	0
ARM GAS  C:\Users\Jupiter\AppData\Local\Temp\cc2f35Tp.s 			page 25


 1136 001e 03       		.uleb128 0x3
 1137 001f 24       		.uleb128 0x24
 1138 0020 00       		.byte	0
 1139 0021 0B       		.uleb128 0xb
 1140 0022 0B       		.uleb128 0xb
 1141 0023 3E       		.uleb128 0x3e
 1142 0024 0B       		.uleb128 0xb
 1143 0025 03       		.uleb128 0x3
 1144 0026 08       		.uleb128 0x8
 1145 0027 00       		.byte	0
 1146 0028 00       		.byte	0
 1147 0029 04       		.uleb128 0x4
 1148 002a 16       		.uleb128 0x16
 1149 002b 00       		.byte	0
 1150 002c 03       		.uleb128 0x3
 1151 002d 0E       		.uleb128 0xe
 1152 002e 3A       		.uleb128 0x3a
 1153 002f 0B       		.uleb128 0xb
 1154 0030 3B       		.uleb128 0x3b
 1155 0031 05       		.uleb128 0x5
 1156 0032 49       		.uleb128 0x49
 1157 0033 13       		.uleb128 0x13
 1158 0034 00       		.byte	0
 1159 0035 00       		.byte	0
 1160 0036 05       		.uleb128 0x5
 1161 0037 35       		.uleb128 0x35
 1162 0038 00       		.byte	0
 1163 0039 49       		.uleb128 0x49
 1164 003a 13       		.uleb128 0x13
 1165 003b 00       		.byte	0
 1166 003c 00       		.byte	0
 1167 003d 06       		.uleb128 0x6
 1168 003e 0F       		.uleb128 0xf
 1169 003f 00       		.byte	0
 1170 0040 0B       		.uleb128 0xb
 1171 0041 0B       		.uleb128 0xb
 1172 0042 00       		.byte	0
 1173 0043 00       		.byte	0
 1174 0044 07       		.uleb128 0x7
 1175 0045 13       		.uleb128 0x13
 1176 0046 01       		.byte	0x1
 1177 0047 0B       		.uleb128 0xb
 1178 0048 0B       		.uleb128 0xb
 1179 0049 3A       		.uleb128 0x3a
 1180 004a 0B       		.uleb128 0xb
 1181 004b 3B       		.uleb128 0x3b
 1182 004c 0B       		.uleb128 0xb
 1183 004d 01       		.uleb128 0x1
 1184 004e 13       		.uleb128 0x13
 1185 004f 00       		.byte	0
 1186 0050 00       		.byte	0
 1187 0051 08       		.uleb128 0x8
 1188 0052 0D       		.uleb128 0xd
 1189 0053 00       		.byte	0
 1190 0054 03       		.uleb128 0x3
 1191 0055 0E       		.uleb128 0xe
 1192 0056 3A       		.uleb128 0x3a
ARM GAS  C:\Users\Jupiter\AppData\Local\Temp\cc2f35Tp.s 			page 26


 1193 0057 0B       		.uleb128 0xb
 1194 0058 3B       		.uleb128 0x3b
 1195 0059 0B       		.uleb128 0xb
 1196 005a 49       		.uleb128 0x49
 1197 005b 13       		.uleb128 0x13
 1198 005c 38       		.uleb128 0x38
 1199 005d 0B       		.uleb128 0xb
 1200 005e 00       		.byte	0
 1201 005f 00       		.byte	0
 1202 0060 09       		.uleb128 0x9
 1203 0061 16       		.uleb128 0x16
 1204 0062 00       		.byte	0
 1205 0063 03       		.uleb128 0x3
 1206 0064 0E       		.uleb128 0xe
 1207 0065 3A       		.uleb128 0x3a
 1208 0066 0B       		.uleb128 0xb
 1209 0067 3B       		.uleb128 0x3b
 1210 0068 0B       		.uleb128 0xb
 1211 0069 49       		.uleb128 0x49
 1212 006a 13       		.uleb128 0x13
 1213 006b 00       		.byte	0
 1214 006c 00       		.byte	0
 1215 006d 0A       		.uleb128 0xa
 1216 006e 01       		.uleb128 0x1
 1217 006f 01       		.byte	0x1
 1218 0070 49       		.uleb128 0x49
 1219 0071 13       		.uleb128 0x13
 1220 0072 01       		.uleb128 0x1
 1221 0073 13       		.uleb128 0x13
 1222 0074 00       		.byte	0
 1223 0075 00       		.byte	0
 1224 0076 0B       		.uleb128 0xb
 1225 0077 21       		.uleb128 0x21
 1226 0078 00       		.byte	0
 1227 0079 49       		.uleb128 0x49
 1228 007a 13       		.uleb128 0x13
 1229 007b 2F       		.uleb128 0x2f
 1230 007c 0B       		.uleb128 0xb
 1231 007d 00       		.byte	0
 1232 007e 00       		.byte	0
 1233 007f 0C       		.uleb128 0xc
 1234 0080 0D       		.uleb128 0xd
 1235 0081 00       		.byte	0
 1236 0082 03       		.uleb128 0x3
 1237 0083 0E       		.uleb128 0xe
 1238 0084 3A       		.uleb128 0x3a
 1239 0085 0B       		.uleb128 0xb
 1240 0086 3B       		.uleb128 0x3b
 1241 0087 05       		.uleb128 0x5
 1242 0088 49       		.uleb128 0x49
 1243 0089 13       		.uleb128 0x13
 1244 008a 38       		.uleb128 0x38
 1245 008b 0B       		.uleb128 0xb
 1246 008c 00       		.byte	0
 1247 008d 00       		.byte	0
 1248 008e 0D       		.uleb128 0xd
 1249 008f 13       		.uleb128 0x13
ARM GAS  C:\Users\Jupiter\AppData\Local\Temp\cc2f35Tp.s 			page 27


 1250 0090 01       		.byte	0x1
 1251 0091 0B       		.uleb128 0xb
 1252 0092 0B       		.uleb128 0xb
 1253 0093 3A       		.uleb128 0x3a
 1254 0094 0B       		.uleb128 0xb
 1255 0095 3B       		.uleb128 0x3b
 1256 0096 05       		.uleb128 0x5
 1257 0097 01       		.uleb128 0x1
 1258 0098 13       		.uleb128 0x13
 1259 0099 00       		.byte	0
 1260 009a 00       		.byte	0
 1261 009b 0E       		.uleb128 0xe
 1262 009c 0D       		.uleb128 0xd
 1263 009d 00       		.byte	0
 1264 009e 03       		.uleb128 0x3
 1265 009f 08       		.uleb128 0x8
 1266 00a0 3A       		.uleb128 0x3a
 1267 00a1 0B       		.uleb128 0xb
 1268 00a2 3B       		.uleb128 0x3b
 1269 00a3 05       		.uleb128 0x5
 1270 00a4 49       		.uleb128 0x49
 1271 00a5 13       		.uleb128 0x13
 1272 00a6 38       		.uleb128 0x38
 1273 00a7 0B       		.uleb128 0xb
 1274 00a8 00       		.byte	0
 1275 00a9 00       		.byte	0
 1276 00aa 0F       		.uleb128 0xf
 1277 00ab 0F       		.uleb128 0xf
 1278 00ac 00       		.byte	0
 1279 00ad 0B       		.uleb128 0xb
 1280 00ae 0B       		.uleb128 0xb
 1281 00af 49       		.uleb128 0x49
 1282 00b0 13       		.uleb128 0x13
 1283 00b1 00       		.byte	0
 1284 00b2 00       		.byte	0
 1285 00b3 10       		.uleb128 0x10
 1286 00b4 26       		.uleb128 0x26
 1287 00b5 00       		.byte	0
 1288 00b6 00       		.byte	0
 1289 00b7 00       		.byte	0
 1290 00b8 11       		.uleb128 0x11
 1291 00b9 04       		.uleb128 0x4
 1292 00ba 01       		.byte	0x1
 1293 00bb 0B       		.uleb128 0xb
 1294 00bc 0B       		.uleb128 0xb
 1295 00bd 49       		.uleb128 0x49
 1296 00be 13       		.uleb128 0x13
 1297 00bf 3A       		.uleb128 0x3a
 1298 00c0 0B       		.uleb128 0xb
 1299 00c1 3B       		.uleb128 0x3b
 1300 00c2 0B       		.uleb128 0xb
 1301 00c3 01       		.uleb128 0x1
 1302 00c4 13       		.uleb128 0x13
 1303 00c5 00       		.byte	0
 1304 00c6 00       		.byte	0
 1305 00c7 12       		.uleb128 0x12
 1306 00c8 28       		.uleb128 0x28
ARM GAS  C:\Users\Jupiter\AppData\Local\Temp\cc2f35Tp.s 			page 28


 1307 00c9 00       		.byte	0
 1308 00ca 03       		.uleb128 0x3
 1309 00cb 0E       		.uleb128 0xe
 1310 00cc 1C       		.uleb128 0x1c
 1311 00cd 0B       		.uleb128 0xb
 1312 00ce 00       		.byte	0
 1313 00cf 00       		.byte	0
 1314 00d0 13       		.uleb128 0x13
 1315 00d1 2E       		.uleb128 0x2e
 1316 00d2 01       		.byte	0x1
 1317 00d3 3F       		.uleb128 0x3f
 1318 00d4 19       		.uleb128 0x19
 1319 00d5 03       		.uleb128 0x3
 1320 00d6 0E       		.uleb128 0xe
 1321 00d7 3A       		.uleb128 0x3a
 1322 00d8 0B       		.uleb128 0xb
 1323 00d9 3B       		.uleb128 0x3b
 1324 00da 0B       		.uleb128 0xb
 1325 00db 27       		.uleb128 0x27
 1326 00dc 19       		.uleb128 0x19
 1327 00dd 11       		.uleb128 0x11
 1328 00de 01       		.uleb128 0x1
 1329 00df 12       		.uleb128 0x12
 1330 00e0 06       		.uleb128 0x6
 1331 00e1 40       		.uleb128 0x40
 1332 00e2 18       		.uleb128 0x18
 1333 00e3 9742     		.uleb128 0x2117
 1334 00e5 19       		.uleb128 0x19
 1335 00e6 01       		.uleb128 0x1
 1336 00e7 13       		.uleb128 0x13
 1337 00e8 00       		.byte	0
 1338 00e9 00       		.byte	0
 1339 00ea 14       		.uleb128 0x14
 1340 00eb 34       		.uleb128 0x34
 1341 00ec 00       		.byte	0
 1342 00ed 03       		.uleb128 0x3
 1343 00ee 0E       		.uleb128 0xe
 1344 00ef 3A       		.uleb128 0x3a
 1345 00f0 0B       		.uleb128 0xb
 1346 00f1 3B       		.uleb128 0x3b
 1347 00f2 0B       		.uleb128 0xb
 1348 00f3 49       		.uleb128 0x49
 1349 00f4 13       		.uleb128 0x13
 1350 00f5 00       		.byte	0
 1351 00f6 00       		.byte	0
 1352 00f7 15       		.uleb128 0x15
 1353 00f8 2E       		.uleb128 0x2e
 1354 00f9 01       		.byte	0x1
 1355 00fa 3F       		.uleb128 0x3f
 1356 00fb 19       		.uleb128 0x19
 1357 00fc 03       		.uleb128 0x3
 1358 00fd 0E       		.uleb128 0xe
 1359 00fe 3A       		.uleb128 0x3a
 1360 00ff 0B       		.uleb128 0xb
 1361 0100 3B       		.uleb128 0x3b
 1362 0101 0B       		.uleb128 0xb
 1363 0102 27       		.uleb128 0x27
ARM GAS  C:\Users\Jupiter\AppData\Local\Temp\cc2f35Tp.s 			page 29


 1364 0103 19       		.uleb128 0x19
 1365 0104 49       		.uleb128 0x49
 1366 0105 13       		.uleb128 0x13
 1367 0106 11       		.uleb128 0x11
 1368 0107 01       		.uleb128 0x1
 1369 0108 12       		.uleb128 0x12
 1370 0109 06       		.uleb128 0x6
 1371 010a 40       		.uleb128 0x40
 1372 010b 18       		.uleb128 0x18
 1373 010c 9742     		.uleb128 0x2117
 1374 010e 19       		.uleb128 0x19
 1375 010f 01       		.uleb128 0x1
 1376 0110 13       		.uleb128 0x13
 1377 0111 00       		.byte	0
 1378 0112 00       		.byte	0
 1379 0113 16       		.uleb128 0x16
 1380 0114 34       		.uleb128 0x34
 1381 0115 00       		.byte	0
 1382 0116 03       		.uleb128 0x3
 1383 0117 0E       		.uleb128 0xe
 1384 0118 3A       		.uleb128 0x3a
 1385 0119 0B       		.uleb128 0xb
 1386 011a 3B       		.uleb128 0x3b
 1387 011b 0B       		.uleb128 0xb
 1388 011c 49       		.uleb128 0x49
 1389 011d 13       		.uleb128 0x13
 1390 011e 02       		.uleb128 0x2
 1391 011f 17       		.uleb128 0x17
 1392 0120 00       		.byte	0
 1393 0121 00       		.byte	0
 1394 0122 17       		.uleb128 0x17
 1395 0123 898201   		.uleb128 0x4109
 1396 0126 00       		.byte	0
 1397 0127 11       		.uleb128 0x11
 1398 0128 01       		.uleb128 0x1
 1399 0129 31       		.uleb128 0x31
 1400 012a 13       		.uleb128 0x13
 1401 012b 00       		.byte	0
 1402 012c 00       		.byte	0
 1403 012d 18       		.uleb128 0x18
 1404 012e 34       		.uleb128 0x34
 1405 012f 00       		.byte	0
 1406 0130 03       		.uleb128 0x3
 1407 0131 0E       		.uleb128 0xe
 1408 0132 3A       		.uleb128 0x3a
 1409 0133 0B       		.uleb128 0xb
 1410 0134 3B       		.uleb128 0x3b
 1411 0135 0B       		.uleb128 0xb
 1412 0136 49       		.uleb128 0x49
 1413 0137 13       		.uleb128 0x13
 1414 0138 02       		.uleb128 0x2
 1415 0139 18       		.uleb128 0x18
 1416 013a 00       		.byte	0
 1417 013b 00       		.byte	0
 1418 013c 19       		.uleb128 0x19
 1419 013d 34       		.uleb128 0x34
 1420 013e 00       		.byte	0
ARM GAS  C:\Users\Jupiter\AppData\Local\Temp\cc2f35Tp.s 			page 30


 1421 013f 03       		.uleb128 0x3
 1422 0140 0E       		.uleb128 0xe
 1423 0141 3A       		.uleb128 0x3a
 1424 0142 0B       		.uleb128 0xb
 1425 0143 3B       		.uleb128 0x3b
 1426 0144 05       		.uleb128 0x5
 1427 0145 49       		.uleb128 0x49
 1428 0146 13       		.uleb128 0x13
 1429 0147 3F       		.uleb128 0x3f
 1430 0148 19       		.uleb128 0x19
 1431 0149 3C       		.uleb128 0x3c
 1432 014a 19       		.uleb128 0x19
 1433 014b 00       		.byte	0
 1434 014c 00       		.byte	0
 1435 014d 1A       		.uleb128 0x1a
 1436 014e 26       		.uleb128 0x26
 1437 014f 00       		.byte	0
 1438 0150 49       		.uleb128 0x49
 1439 0151 13       		.uleb128 0x13
 1440 0152 00       		.byte	0
 1441 0153 00       		.byte	0
 1442 0154 1B       		.uleb128 0x1b
 1443 0155 2E       		.uleb128 0x2e
 1444 0156 00       		.byte	0
 1445 0157 3F       		.uleb128 0x3f
 1446 0158 19       		.uleb128 0x19
 1447 0159 3C       		.uleb128 0x3c
 1448 015a 19       		.uleb128 0x19
 1449 015b 6E       		.uleb128 0x6e
 1450 015c 0E       		.uleb128 0xe
 1451 015d 03       		.uleb128 0x3
 1452 015e 0E       		.uleb128 0xe
 1453 015f 3A       		.uleb128 0x3a
 1454 0160 0B       		.uleb128 0xb
 1455 0161 3B       		.uleb128 0x3b
 1456 0162 0B       		.uleb128 0xb
 1457 0163 00       		.byte	0
 1458 0164 00       		.byte	0
 1459 0165 00       		.byte	0
 1460              		.section	.debug_loc,"",%progbits
 1461              	.Ldebug_loc0:
 1462              	.LLST0:
 1463 0000 12000000 		.4byte	.LVL3
 1464 0004 1B000000 		.4byte	.LVL4-1
 1465 0008 0100     		.2byte	0x1
 1466 000a 50       		.byte	0x50
 1467 000b 76000000 		.4byte	.LVL19
 1468 000f 8F000000 		.4byte	.LVL20-1
 1469 0013 0100     		.2byte	0x1
 1470 0015 50       		.byte	0x50
 1471 0016 E0000000 		.4byte	.LVL28
 1472 001a F5000000 		.4byte	.LVL29-1
 1473 001e 0100     		.2byte	0x1
 1474 0020 50       		.byte	0x50
 1475 0021 00000000 		.4byte	0
 1476 0025 00000000 		.4byte	0
 1477              	.LLST1:
ARM GAS  C:\Users\Jupiter\AppData\Local\Temp\cc2f35Tp.s 			page 31


 1478 0029 A6000000 		.4byte	.LVL22
 1479 002d CE000000 		.4byte	.LVL25
 1480 0031 0100     		.2byte	0x1
 1481 0033 53       		.byte	0x53
 1482 0034 00000000 		.4byte	0
 1483 0038 00000000 		.4byte	0
 1484              	.LLST2:
 1485 003c AC000000 		.4byte	.LVL23
 1486 0040 DF000000 		.4byte	.LVL28-1
 1487 0044 0100     		.2byte	0x1
 1488 0046 51       		.byte	0x51
 1489 0047 00000000 		.4byte	0
 1490 004b 00000000 		.4byte	0
 1491              	.LLST3:
 1492 004f 02000000 		.4byte	.LVL1
 1493 0053 06000000 		.4byte	.LVL2
 1494 0057 0200     		.2byte	0x2
 1495 0059 30       		.byte	0x30
 1496 005a 9F       		.byte	0x9f
 1497 005b 06000000 		.4byte	.LVL2
 1498 005f 34000000 		.4byte	.LVL6
 1499 0063 0100     		.2byte	0x1
 1500 0065 56       		.byte	0x56
 1501 0066 34000000 		.4byte	.LVL6
 1502 006a 38000000 		.4byte	.LVL7
 1503 006e 0200     		.2byte	0x2
 1504 0070 31       		.byte	0x31
 1505 0071 9F       		.byte	0x9f
 1506 0072 38000000 		.4byte	.LVL7
 1507 0076 3E000000 		.4byte	.LVL8
 1508 007a 0100     		.2byte	0x1
 1509 007c 56       		.byte	0x56
 1510 007d 3E000000 		.4byte	.LVL8
 1511 0081 42000000 		.4byte	.LVL9
 1512 0085 0200     		.2byte	0x2
 1513 0087 31       		.byte	0x31
 1514 0088 9F       		.byte	0x9f
 1515 0089 42000000 		.4byte	.LVL9
 1516 008d 4C000000 		.4byte	.LVL11
 1517 0091 0100     		.2byte	0x1
 1518 0093 56       		.byte	0x56
 1519 0094 4C000000 		.4byte	.LVL11
 1520 0098 52000000 		.4byte	.LVL12
 1521 009c 0200     		.2byte	0x2
 1522 009e 31       		.byte	0x31
 1523 009f 9F       		.byte	0x9f
 1524 00a0 52000000 		.4byte	.LVL12
 1525 00a4 58000000 		.4byte	.LVL13
 1526 00a8 0100     		.2byte	0x1
 1527 00aa 56       		.byte	0x56
 1528 00ab 58000000 		.4byte	.LVL13
 1529 00af 5C000000 		.4byte	.LVL14
 1530 00b3 0200     		.2byte	0x2
 1531 00b5 31       		.byte	0x31
 1532 00b6 9F       		.byte	0x9f
 1533 00b7 5C000000 		.4byte	.LVL14
 1534 00bb 62000000 		.4byte	.LVL15
ARM GAS  C:\Users\Jupiter\AppData\Local\Temp\cc2f35Tp.s 			page 32


 1535 00bf 0100     		.2byte	0x1
 1536 00c1 56       		.byte	0x56
 1537 00c2 62000000 		.4byte	.LVL15
 1538 00c6 66000000 		.4byte	.LVL16
 1539 00ca 0200     		.2byte	0x2
 1540 00cc 31       		.byte	0x31
 1541 00cd 9F       		.byte	0x9f
 1542 00ce 66000000 		.4byte	.LVL16
 1543 00d2 6C000000 		.4byte	.LVL17
 1544 00d6 0100     		.2byte	0x1
 1545 00d8 56       		.byte	0x56
 1546 00d9 6C000000 		.4byte	.LVL17
 1547 00dd 6E000000 		.4byte	.LVL18
 1548 00e1 0200     		.2byte	0x2
 1549 00e3 30       		.byte	0x30
 1550 00e4 9F       		.byte	0x9f
 1551 00e5 6E000000 		.4byte	.LVL18
 1552 00e9 90000000 		.4byte	.LVL20
 1553 00ed 0100     		.2byte	0x1
 1554 00ef 56       		.byte	0x56
 1555 00f0 90000000 		.4byte	.LVL20
 1556 00f4 92000000 		.4byte	.LVL21
 1557 00f8 0200     		.2byte	0x2
 1558 00fa 30       		.byte	0x30
 1559 00fb 9F       		.byte	0x9f
 1560 00fc 92000000 		.4byte	.LVL21
 1561 0100 F8000000 		.4byte	.LVL31
 1562 0104 0100     		.2byte	0x1
 1563 0106 56       		.byte	0x56
 1564 0107 00000000 		.4byte	0
 1565 010b 00000000 		.4byte	0
 1566              	.LLST4:
 1567 010f 22000000 		.4byte	.LVL5
 1568 0113 C4000000 		.4byte	.LVL24
 1569 0117 0100     		.2byte	0x1
 1570 0119 54       		.byte	0x54
 1571 011a 00000000 		.4byte	0
 1572 011e 00000000 		.4byte	0
 1573              	.LLST5:
 1574 0122 02000000 		.4byte	.LVL1
 1575 0126 06000000 		.4byte	.LVL2
 1576 012a 0200     		.2byte	0x2
 1577 012c 30       		.byte	0x30
 1578 012d 9F       		.byte	0x9f
 1579 012e 06000000 		.4byte	.LVL2
 1580 0132 46000000 		.4byte	.LVL10
 1581 0136 0100     		.2byte	0x1
 1582 0138 55       		.byte	0x55
 1583 0139 46000000 		.4byte	.LVL10
 1584 013d 52000000 		.4byte	.LVL12
 1585 0141 0200     		.2byte	0x2
 1586 0143 31       		.byte	0x31
 1587 0144 9F       		.byte	0x9f
 1588 0145 52000000 		.4byte	.LVL12
 1589 0149 F8000000 		.4byte	.LVL30
 1590 014d 0100     		.2byte	0x1
 1591 014f 55       		.byte	0x55
ARM GAS  C:\Users\Jupiter\AppData\Local\Temp\cc2f35Tp.s 			page 33


 1592 0150 F8000000 		.4byte	.LVL30
 1593 0154 10010000 		.4byte	.LFE2
 1594 0158 0100     		.2byte	0x1
 1595 015a 50       		.byte	0x50
 1596 015b 00000000 		.4byte	0
 1597 015f 00000000 		.4byte	0
 1598              	.LLST6:
 1599 0163 D4000000 		.4byte	.LVL26
 1600 0167 F6000000 		.4byte	.LVL29
 1601 016b 0100     		.2byte	0x1
 1602 016d 54       		.byte	0x54
 1603 016e 00000000 		.4byte	0
 1604 0172 00000000 		.4byte	0
 1605              		.section	.debug_aranges,"",%progbits
 1606 0000 24000000 		.4byte	0x24
 1607 0004 0200     		.2byte	0x2
 1608 0006 00000000 		.4byte	.Ldebug_info0
 1609 000a 04       		.byte	0x4
 1610 000b 00       		.byte	0
 1611 000c 0000     		.2byte	0
 1612 000e 0000     		.2byte	0
 1613 0010 00000000 		.4byte	.LFB1
 1614 0014 14000000 		.4byte	.LFE1-.LFB1
 1615 0018 00000000 		.4byte	.LFB2
 1616 001c 10010000 		.4byte	.LFE2-.LFB2
 1617 0020 00000000 		.4byte	0
 1618 0024 00000000 		.4byte	0
 1619              		.section	.debug_ranges,"",%progbits
 1620              	.Ldebug_ranges0:
 1621 0000 00000000 		.4byte	.LFB1
 1622 0004 14000000 		.4byte	.LFE1
 1623 0008 00000000 		.4byte	.LFB2
 1624 000c 10010000 		.4byte	.LFE2
 1625 0010 00000000 		.4byte	0
 1626 0014 00000000 		.4byte	0
 1627              		.section	.debug_line,"",%progbits
 1628              	.Ldebug_line0:
 1629 0000 34010000 		.section	.debug_str,"MS",%progbits,1
 1629      0200D000 
 1629      00000201 
 1629      FB0E0D00 
 1629      01010101 
 1630              	.LASF83:
 1631 0000 43617053 		.ascii	"CapSense_FLASH_STRUCT\000"
 1631      656E7365 
 1631      5F464C41 
 1631      53485F53 
 1631      54525543 
 1632              	.LASF62:
 1633 0016 77646774 		.ascii	"wdgtList\000"
 1633      4C697374 
 1633      00
 1634              	.LASF67:
 1635 001f 736E7254 		.ascii	"snrTestRawCount\000"
 1635      65737452 
 1635      6177436F 
 1635      756E7400 
ARM GAS  C:\Users\Jupiter\AppData\Local\Temp\cc2f35Tp.s 			page 34


 1636              	.LASF69:
 1637 002f 7363616E 		.ascii	"scanCurrentISC\000"
 1637      43757272 
 1637      656E7449 
 1637      534300
 1638              	.LASF109:
 1639 003e 43617053 		.ascii	"CapSense_TuInitialize\000"
 1639      656E7365 
 1639      5F547549 
 1639      6E697469 
 1639      616C697A 
 1640              	.LASF44:
 1641 0054 62736C6E 		.ascii	"bsln\000"
 1641      00
 1642              	.LASF94:
 1643 0059 73656E73 		.ascii	"sensorId\000"
 1643      6F724964 
 1643      00
 1644              	.LASF41:
 1645 0062 62757474 		.ascii	"button0\000"
 1645      6F6E3000 
 1646              	.LASF35:
 1647 006a 69646163 		.ascii	"idacGainIndex\000"
 1647      4761696E 
 1647      496E6465 
 1647      7800
 1648              	.LASF91:
 1649 0078 43617053 		.ascii	"CapSense_TU_CMD_ENUM\000"
 1649      656E7365 
 1649      5F54555F 
 1649      434D445F 
 1649      454E554D 
 1650              	.LASF33:
 1651 008d 6C6F7742 		.ascii	"lowBslnRst\000"
 1651      736C6E52 
 1651      737400
 1652              	.LASF104:
 1653 0098 43794578 		.ascii	"CyExitCriticalSection\000"
 1653      69744372 
 1653      69746963 
 1653      616C5365 
 1653      6374696F 
 1654              	.LASF77:
 1655 00ae 746F7461 		.ascii	"totalNumSns\000"
 1655      6C4E756D 
 1655      536E7300 
 1656              	.LASF90:
 1657 00ba 43617053 		.ascii	"CapSense_TU_CMD_ONE_SCAN_E\000"
 1657      656E7365 
 1657      5F54555F 
 1657      434D445F 
 1657      4F4E455F 
 1658              	.LASF34:
 1659 00d5 69646163 		.ascii	"idacMod\000"
 1659      4D6F6400 
 1660              	.LASF2:
 1661 00dd 73686F72 		.ascii	"short int\000"
ARM GAS  C:\Users\Jupiter\AppData\Local\Temp\cc2f35Tp.s 			page 35


 1661      7420696E 
 1661      7400
 1662              	.LASF40:
 1663 00e7 43617053 		.ascii	"CapSense_RAM_WD_BUTTON_STRUCT\000"
 1663      656E7365 
 1663      5F52414D 
 1663      5F57445F 
 1663      42555454 
 1664              	.LASF32:
 1665 0105 6F6E4465 		.ascii	"onDebounce\000"
 1665      626F756E 
 1665      636500
 1666              	.LASF16:
 1667 0110 73697A65 		.ascii	"sizetype\000"
 1667      74797065 
 1667      00
 1668              	.LASF87:
 1669 0119 43617053 		.ascii	"CapSense_TU_CMD_RESTART_E\000"
 1669      656E7365 
 1669      5F54555F 
 1669      434D445F 
 1669      52455354 
 1670              	.LASF81:
 1671 0133 43617053 		.ascii	"CapSense_FLASH_WD_STRUCT\000"
 1671      656E7365 
 1671      5F464C41 
 1671      53485F57 
 1671      445F5354 
 1672              	.LASF51:
 1673 014c 636F6E66 		.ascii	"configId\000"
 1673      69674964 
 1673      00
 1674              	.LASF106:
 1675 0155 474E5520 		.ascii	"GNU C11 5.4.1 20160609 (release) [ARM/embedded-5-br"
 1675      43313120 
 1675      352E342E 
 1675      31203230 
 1675      31363036 
 1676 0188 616E6368 		.ascii	"anch revision 237715] -mcpu=cortex-m0plus -mthumb -"
 1676      20726576 
 1676      6973696F 
 1676      6E203233 
 1676      37373135 
 1677 01bb 67202D4F 		.ascii	"g -Og -ffunction-sections -ffat-lto-objects\000"
 1677      67202D66 
 1677      66756E63 
 1677      74696F6E 
 1677      2D736563 
 1678              	.LASF48:
 1679 01e7 69646163 		.ascii	"idacComp\000"
 1679      436F6D70 
 1679      00
 1680              	.LASF60:
 1681 01f0 63736430 		.ascii	"csd0Config\000"
 1681      436F6E66 
 1681      696700
 1682              	.LASF6:
ARM GAS  C:\Users\Jupiter\AppData\Local\Temp\cc2f35Tp.s 			page 36


 1683 01fb 6C6F6E67 		.ascii	"long long int\000"
 1683      206C6F6E 
 1683      6720696E 
 1683      7400
 1684              	.LASF19:
 1685 0209 70617261 		.ascii	"param0\000"
 1685      6D3000
 1686              	.LASF37:
 1687 0210 736E7343 		.ascii	"snsClkSource\000"
 1687      6C6B536F 
 1687      75726365 
 1687      00
 1688              	.LASF21:
 1689 021d 70617261 		.ascii	"param2\000"
 1689      6D3200
 1690              	.LASF22:
 1691 0224 70617261 		.ascii	"param3\000"
 1691      6D3300
 1692              	.LASF84:
 1693 022b 43617053 		.ascii	"CapSense_TU_CMD_NONE_E\000"
 1693      656E7365 
 1693      5F54555F 
 1693      434D445F 
 1693      4E4F4E45 
 1694              	.LASF24:
 1695 0242 70617261 		.ascii	"param5\000"
 1695      6D3500
 1696              	.LASF25:
 1697 0249 70617261 		.ascii	"param6\000"
 1697      6D3600
 1698              	.LASF29:
 1699 0250 6E6F6973 		.ascii	"noiseTh\000"
 1699      65546800 
 1700              	.LASF52:
 1701 0258 64657669 		.ascii	"deviceId\000"
 1701      63654964 
 1701      00
 1702              	.LASF10:
 1703 0261 75696E74 		.ascii	"uint16\000"
 1703      313600
 1704              	.LASF110:
 1705 0268 43617053 		.ascii	"CapSense_RunTuner\000"
 1705      656E7365 
 1705      5F52756E 
 1705      54756E65 
 1705      7200
 1706              	.LASF75:
 1707 027a 70747232 		.ascii	"ptr2DebounceArr\000"
 1707      4465626F 
 1707      756E6365 
 1707      41727200 
 1708              	.LASF9:
 1709 028a 75696E74 		.ascii	"uint8\000"
 1709      3800
 1710              	.LASF36:
 1711 0290 736E7343 		.ascii	"snsClk\000"
 1711      6C6B00
ARM GAS  C:\Users\Jupiter\AppData\Local\Temp\cc2f35Tp.s 			page 37


 1712              	.LASF12:
 1713 0297 666C6F61 		.ascii	"float\000"
 1713      7400
 1714              	.LASF43:
 1715 029d 43617053 		.ascii	"CapSense_RAM_WD_LIST_STRUCT\000"
 1715      656E7365 
 1715      5F52414D 
 1715      5F57445F 
 1715      4C495354 
 1716              	.LASF65:
 1717 02b9 736E7254 		.ascii	"snrTestSensorId\000"
 1717      65737453 
 1717      656E736F 
 1717      72496400 
 1718              	.LASF89:
 1719 02c9 43617053 		.ascii	"CapSense_TU_CMD_PING_E\000"
 1719      656E7365 
 1719      5F54555F 
 1719      434D445F 
 1719      50494E47 
 1720              	.LASF14:
 1721 02e0 63686172 		.ascii	"char\000"
 1721      00
 1722              	.LASF4:
 1723 02e5 6C6F6E67 		.ascii	"long int\000"
 1723      20696E74 
 1723      00
 1724              	.LASF78:
 1725 02ee 77646774 		.ascii	"wdgtType\000"
 1725      54797065 
 1725      00
 1726              	.LASF107:
 1727 02f7 47656E65 		.ascii	"Generated_Source\\PSoC4\\CapSense_Tuner.c\000"
 1727      72617465 
 1727      645F536F 
 1727      75726365 
 1727      5C50536F 
 1728              	.LASF28:
 1729 031f 66696E67 		.ascii	"fingerTh\000"
 1729      65725468 
 1729      00
 1730              	.LASF47:
 1731 0328 6E656742 		.ascii	"negBslnRstCnt\000"
 1731      736C6E52 
 1731      7374436E 
 1731      7400
 1732              	.LASF72:
 1733 0336 70747232 		.ascii	"ptr2WdgtRam\000"
 1733      57646774 
 1733      52616D00 
 1734              	.LASF101:
 1735 0342 43617053 		.ascii	"CapSense_dsRam\000"
 1735      656E7365 
 1735      5F647352 
 1735      616D00
 1736              	.LASF79:
 1737 0351 6E756D43 		.ascii	"numCols\000"
ARM GAS  C:\Users\Jupiter\AppData\Local\Temp\cc2f35Tp.s 			page 38


 1737      6F6C7300 
 1738              	.LASF31:
 1739 0359 68797374 		.ascii	"hysteresis\000"
 1739      65726573 
 1739      697300
 1740              	.LASF23:
 1741 0364 70617261 		.ascii	"param4\000"
 1741      6D3400
 1742              	.LASF54:
 1743 036b 74756E65 		.ascii	"tunerCmd\000"
 1743      72436D64 
 1743      00
 1744              	.LASF15:
 1745 0374 6C6F6E67 		.ascii	"long double\000"
 1745      20646F75 
 1745      626C6500 
 1746              	.LASF58:
 1747 0380 77646774 		.ascii	"wdgtStatus\000"
 1747      53746174 
 1747      757300
 1748              	.LASF99:
 1749 038b 70747253 		.ascii	"ptrSnsTmp\000"
 1749      6E73546D 
 1749      7000
 1750              	.LASF103:
 1751 0395 4379456E 		.ascii	"CyEnterCriticalSection\000"
 1751      74657243 
 1751      72697469 
 1751      63616C53 
 1751      65637469 
 1752              	.LASF1:
 1753 03ac 756E7369 		.ascii	"unsigned char\000"
 1753      676E6564 
 1753      20636861 
 1753      7200
 1754              	.LASF17:
 1755 03ba 43617053 		.ascii	"CapSense_THRESHOLD_TYPE\000"
 1755      656E7365 
 1755      5F544852 
 1755      4553484F 
 1755      4C445F54 
 1756              	.LASF0:
 1757 03d2 7369676E 		.ascii	"signed char\000"
 1757      65642063 
 1757      68617200 
 1758              	.LASF50:
 1759 03de 43617053 		.ascii	"CapSense_RAM_SNS_LIST_STRUCT\000"
 1759      656E7365 
 1759      5F52414D 
 1759      5F534E53 
 1759      5F4C4953 
 1760              	.LASF7:
 1761 03fb 6C6F6E67 		.ascii	"long long unsigned int\000"
 1761      206C6F6E 
 1761      6720756E 
 1761      7369676E 
 1761      65642069 
ARM GAS  C:\Users\Jupiter\AppData\Local\Temp\cc2f35Tp.s 			page 39


 1762              	.LASF76:
 1763 0412 73746174 		.ascii	"staticConfig\000"
 1763      6963436F 
 1763      6E666967 
 1763      00
 1764              	.LASF105:
 1765 041f 43617053 		.ascii	"CapSense_Start\000"
 1765      656E7365 
 1765      5F537461 
 1765      727400
 1766              	.LASF8:
 1767 042e 756E7369 		.ascii	"unsigned int\000"
 1767      676E6564 
 1767      20696E74 
 1767      00
 1768              	.LASF5:
 1769 043b 6C6F6E67 		.ascii	"long unsigned int\000"
 1769      20756E73 
 1769      69676E65 
 1769      6420696E 
 1769      7400
 1770              	.LASF57:
 1771 044d 77646774 		.ascii	"wdgtEnable\000"
 1771      456E6162 
 1771      6C6500
 1772              	.LASF20:
 1773 0458 70617261 		.ascii	"param1\000"
 1773      6D3100
 1774              	.LASF85:
 1775 045f 43617053 		.ascii	"CapSense_TU_CMD_SUSPEND_E\000"
 1775      656E7365 
 1775      5F54555F 
 1775      434D445F 
 1775      53555350 
 1776              	.LASF49:
 1777 0479 43617053 		.ascii	"CapSense_RAM_SNS_STRUCT\000"
 1777      656E7365 
 1777      5F52414D 
 1777      5F534E53 
 1777      5F535452 
 1778              	.LASF18:
 1779 0491 43617053 		.ascii	"CapSense_LOW_BSLN_RST_TYPE\000"
 1779      656E7365 
 1779      5F4C4F57 
 1779      5F42534C 
 1779      4E5F5253 
 1780              	.LASF56:
 1781 04ac 73746174 		.ascii	"status\000"
 1781      757300
 1782              	.LASF93:
 1783 04b3 77696467 		.ascii	"widgetId\000"
 1783      65744964 
 1783      00
 1784              	.LASF66:
 1785 04bc 736E7254 		.ascii	"snrTestScanCounter\000"
 1785      65737453 
 1785      63616E43 
ARM GAS  C:\Users\Jupiter\AppData\Local\Temp\cc2f35Tp.s 			page 40


 1785      6F756E74 
 1785      657200
 1786              	.LASF27:
 1787 04cf 7265736F 		.ascii	"resolution\000"
 1787      6C757469 
 1787      6F6E00
 1788              	.LASF3:
 1789 04da 73686F72 		.ascii	"short unsigned int\000"
 1789      7420756E 
 1789      7369676E 
 1789      65642069 
 1789      6E7400
 1790              	.LASF63:
 1791 04ed 736E734C 		.ascii	"snsList\000"
 1791      69737400 
 1792              	.LASF71:
 1793 04f5 70747232 		.ascii	"ptr2SnsFlash\000"
 1793      536E7346 
 1793      6C617368 
 1793      00
 1794              	.LASF61:
 1795 0502 6D6F6443 		.ascii	"modCsdClk\000"
 1795      7364436C 
 1795      6B00
 1796              	.LASF55:
 1797 050c 7363616E 		.ascii	"scanCounter\000"
 1797      436F756E 
 1797      74657200 
 1798              	.LASF30:
 1799 0518 6E4E6F69 		.ascii	"nNoiseTh\000"
 1799      73655468 
 1799      00
 1800              	.LASF92:
 1801 0521 696E7465 		.ascii	"interruptState\000"
 1801      72727570 
 1801      74537461 
 1801      746500
 1802              	.LASF70:
 1803 0530 43617053 		.ascii	"CapSense_RAM_STRUCT\000"
 1803      656E7365 
 1803      5F52414D 
 1803      5F535452 
 1803      55435400 
 1804              	.LASF39:
 1805 0544 73696750 		.ascii	"sigPFC\000"
 1805      464300
 1806              	.LASF108:
 1807 054b 433A5C55 		.ascii	"C:\\Users\\Jupiter\\Documents\\PSoC Creator\\Object"
 1807      73657273 
 1807      5C4A7570 
 1807      69746572 
 1807      5C446F63 
 1808 0579 5F436C61 		.ascii	"_Classifier\\Object_Classifier.cydsn\000"
 1808      73736966 
 1808      6965725C 
 1808      4F626A65 
 1808      63745F43 
ARM GAS  C:\Users\Jupiter\AppData\Local\Temp\cc2f35Tp.s 			page 41


 1809              	.LASF68:
 1810 059d 7363616E 		.ascii	"scanCsdISC\000"
 1810      43736449 
 1810      534300
 1811              	.LASF100:
 1812 05a8 74756E65 		.ascii	"tunerFsm\000"
 1812      7246736D 
 1812      00
 1813              	.LASF11:
 1814 05b1 75696E74 		.ascii	"uint32\000"
 1814      333200
 1815              	.LASF45:
 1816 05b8 62736C6E 		.ascii	"bslnExt\000"
 1816      45787400 
 1817              	.LASF88:
 1818 05c0 43617053 		.ascii	"CapSense_TU_CMD_RUN_SNR_TEST_E\000"
 1818      656E7365 
 1818      5F54555F 
 1818      434D445F 
 1818      52554E5F 
 1819              	.LASF98:
 1820 05df 70747244 		.ascii	"ptrDsRam\000"
 1820      7352616D 
 1820      00
 1821              	.LASF53:
 1822 05e8 6877436C 		.ascii	"hwClock\000"
 1822      6F636B00 
 1823              	.LASF95:
 1824 05f0 75706461 		.ascii	"updateFlag\000"
 1824      7465466C 
 1824      616700
 1825              	.LASF86:
 1826 05fb 43617053 		.ascii	"CapSense_TU_CMD_RESUME_E\000"
 1826      656E7365 
 1826      5F54555F 
 1826      434D445F 
 1826      52455355 
 1827              	.LASF73:
 1828 0614 70747232 		.ascii	"ptr2SnsRam\000"
 1828      536E7352 
 1828      616D00
 1829              	.LASF42:
 1830 061f 62757474 		.ascii	"button1\000"
 1830      6F6E3100 
 1831              	.LASF74:
 1832 0627 70747232 		.ascii	"ptr2FltrHistory\000"
 1832      466C7472 
 1832      48697374 
 1832      6F727900 
 1833              	.LASF82:
 1834 0637 77646774 		.ascii	"wdgtArray\000"
 1834      41727261 
 1834      7900
 1835              	.LASF38:
 1836 0641 66696E67 		.ascii	"fingerCap\000"
 1836      65724361 
 1836      7000
ARM GAS  C:\Users\Jupiter\AppData\Local\Temp\cc2f35Tp.s 			page 42


 1837              	.LASF102:
 1838 064b 43617053 		.ascii	"CapSense_dsFlash\000"
 1838      656E7365 
 1838      5F647346 
 1838      6C617368 
 1838      00
 1839              	.LASF13:
 1840 065c 646F7562 		.ascii	"double\000"
 1840      6C6500
 1841              	.LASF64:
 1842 0663 736E7254 		.ascii	"snrTestWidgetId\000"
 1842      65737457 
 1842      69646765 
 1842      74496400 
 1843              	.LASF26:
 1844 0673 534D4152 		.ascii	"SMARTSENSE_CSD_NOISE_ENVELOPE_STRUCT\000"
 1844      5453454E 
 1844      53455F43 
 1844      53445F4E 
 1844      4F495345 
 1845              	.LASF97:
 1846 0698 74756E65 		.ascii	"tunerStatus\000"
 1846      72537461 
 1846      74757300 
 1847              	.LASF59:
 1848 06a4 736E7353 		.ascii	"snsStatus\000"
 1848      74617475 
 1848      7300
 1849              	.LASF96:
 1850 06ae 636F6D6D 		.ascii	"command\000"
 1850      616E6400 
 1851              	.LASF46:
 1852 06b6 64696666 		.ascii	"diff\000"
 1852      00
 1853              	.LASF80:
 1854 06bb 70747232 		.ascii	"ptr2NoiseEnvlp\000"
 1854      4E6F6973 
 1854      65456E76 
 1854      6C7000
 1855              		.ident	"GCC: (GNU Tools for ARM Embedded Processors) 5.4.1 20160609 (release) [ARM/embedded-5-bran
